INFO - 2026-07-08 00:06:40 --> Session: Class initialized using 'CodeIgniter\Session\Handlers\DatabaseHandler' driver.
INFO - 2026-07-08 00:10:44 --> Session: Class initialized using 'CodeIgniter\Session\Handlers\DatabaseHandler' driver.
INFO - 2026-07-08 00:10:45 --> Session: Class initialized using 'CodeIgniter\Session\Handlers\DatabaseHandler' driver.
INFO - 2026-07-08 10:07:45 --> Session: Class initialized using 'CodeIgniter\Session\Handlers\DatabaseHandler' driver.
INFO - 2026-07-08 10:07:50 --> Session: Class initialized using 'CodeIgniter\Session\Handlers\DatabaseHandler' driver.
INFO - 2026-07-08 10:07:53 --> Session: Class initialized using 'CodeIgniter\Session\Handlers\DatabaseHandler' driver.
INFO - 2026-07-08 10:14:06 --> Session: Class initialized using 'CodeIgniter\Session\Handlers\DatabaseHandler' driver.
INFO - 2026-07-08 10:14:07 --> Session: Class initialized using 'CodeIgniter\Session\Handlers\DatabaseHandler' driver.
ERROR - 2026-07-08 10:14:15 --> mysqli_sql_exception: MySQL server has gone away in C:\xampp\htdocs\public_html\system\Database\MySQLi\Connection.php:295
Stack trace:
#0 C:\xampp\htdocs\public_html\system\Database\MySQLi\Connection.php(295): mysqli->query('SELECT `data`\nF...', 0)
#1 C:\xampp\htdocs\public_html\system\Database\BaseConnection.php(692): CodeIgniter\Database\MySQLi\Connection->execute('SELECT `data`\nF...')
#2 C:\xampp\htdocs\public_html\system\Database\BaseConnection.php(606): CodeIgniter\Database\BaseConnection->simpleQuery('SELECT `data`\nF...')
#3 C:\xampp\htdocs\public_html\system\Database\BaseBuilder.php(1616): CodeIgniter\Database\BaseConnection->query('SELECT `data`\nF...', Array, false)
#4 C:\xampp\htdocs\public_html\system\Session\Handlers\DatabaseHandler.php(144): CodeIgniter\Database\BaseBuilder->get()
#5 [internal function]: CodeIgniter\Session\Handlers\DatabaseHandler->read('poo2soov74n4i9g...')
#6 C:\xampp\htdocs\public_html\system\Session\Session.php(920): session_start()
#7 C:\xampp\htdocs\public_html\system\Session\Session.php(250): CodeIgniter\Session\Session->startSession()
#8 C:\xampp\htdocs\public_html\system\Config\Services.php(674): CodeIgniter\Session\Session->start()
#9 C:\xampp\htdocs\public_html\system\Config\BaseService.php(252): CodeIgniter\Config\Services::session(Object(Config\App), false)
#10 C:\xampp\htdocs\public_html\system\Config\BaseService.php(193): CodeIgniter\Config\BaseService::__callStatic('session', Array)
#11 C:\xampp\htdocs\public_html\system\Config\Services.php(641): CodeIgniter\Config\BaseService::getSharedInstance('session', NULL)
#12 C:\xampp\htdocs\public_html\system\Config\BaseService.php(252): CodeIgniter\Config\Services::session()
#13 C:\xampp\htdocs\public_html\app\Config\Globals.php(29): CodeIgniter\Config\BaseService::__callStatic('session', Array)
#14 C:\xampp\htdocs\public_html\app\Config\Globals.php(120): Config\Globals::setGlobals()
#15 C:\xampp\htdocs\public_html\system\Autoloader\Autoloader.php(312): include_once('C:\\xampp\\htdocs...')
#16 C:\xampp\htdocs\public_html\system\Autoloader\Autoloader.php(289): CodeIgniter\Autoloader\Autoloader->includeFile('C:\\xampp\\htdocs...')
#17 C:\xampp\htdocs\public_html\system\Autoloader\Autoloader.php(267): CodeIgniter\Autoloader\Autoloader->loadInNamespace('Config\\Globals')
#18 C:\xampp\htdocs\public_html\app\Config\Routes.php(7): CodeIgniter\Autoloader\Autoloader->loadClass('Config\\Globals')
#19 C:\xampp\htdocs\public_html\system\Router\RouteCollection.php(267): require('C:\\xampp\\htdocs...')
#20 C:\xampp\htdocs\public_html\system\CodeIgniter.php(800): CodeIgniter\Router\RouteCollection->loadRoutes()
#21 C:\xampp\htdocs\public_html\system\CodeIgniter.php(447): CodeIgniter\CodeIgniter->tryToRouteIt(NULL)
#22 C:\xampp\htdocs\public_html\system\CodeIgniter.php(366): CodeIgniter\CodeIgniter->handleRequest(NULL, Object(Config\Cache), false)
#23 C:\xampp\htdocs\public_html\index.php(86): CodeIgniter\CodeIgniter->run()
#24 {main}
CRITICAL - 2026-07-08 10:14:15 --> MySQL server has gone away
in SYSTEMPATH\Database\MySQLi\Connection.php on line 295.
 1 SYSTEMPATH\Database\MySQLi\Connection.php(295): mysqli->query('SELECT `data`
FROM `ci_sessions`
WHERE `id` = \'vr_session:poo2soov74n4i9gta8g0itorlf74cgvh\'', 0)
 2 SYSTEMPATH\Database\BaseConnection.php(692): CodeIgniter\Database\MySQLi\Connection->execute('SELECT `data`
FROM `ci_sessions`
WHERE `id` = \'vr_session:poo2soov74n4i9gta8g0itorlf74cgvh\'')
 3 SYSTEMPATH\Database\BaseConnection.php(606): CodeIgniter\Database\BaseConnection->simpleQuery('SELECT `data`
FROM `ci_sessions`
WHERE `id` = \'vr_session:poo2soov74n4i9gta8g0itorlf74cgvh\'')
 4 SYSTEMPATH\Database\BaseBuilder.php(1616): CodeIgniter\Database\BaseConnection->query('SELECT `data`
FROM `ci_sessions`
WHERE `id` = :id:', [...], false)
 5 SYSTEMPATH\Session\Handlers\DatabaseHandler.php(144): CodeIgniter\Database\BaseBuilder->get()
 6 [internal function]: CodeIgniter\Session\Handlers\DatabaseHandler->read('poo2soov74n4i9gta8g0itorlf74cgvh')
 7 SYSTEMPATH\Session\Session.php(920): session_start()
 8 SYSTEMPATH\Session\Session.php(250): CodeIgniter\Session\Session->startSession()
 9 SYSTEMPATH\Config\Services.php(674): CodeIgniter\Session\Session->start()
10 SYSTEMPATH\Config\BaseService.php(252): CodeIgniter\Config\Services::session(Object(Config\App), false)
11 SYSTEMPATH\Config\BaseService.php(193): CodeIgniter\Config\BaseService::__callStatic('session', [...])
12 SYSTEMPATH\Config\Services.php(641): CodeIgniter\Config\BaseService::getSharedInstance('session', null)
13 SYSTEMPATH\Config\BaseService.php(252): CodeIgniter\Config\Services::session()
14 APPPATH\Config\Globals.php(29): CodeIgniter\Config\BaseService::__callStatic('session', [])
15 APPPATH\Config\Globals.php(120): Config\Globals::setGlobals()
16 SYSTEMPATH\Autoloader\Autoloader.php(312): include_once('C:\\xampp\\htdocs\\public_html\\app\\Config\\Globals.php')
17 SYSTEMPATH\Autoloader\Autoloader.php(289): CodeIgniter\Autoloader\Autoloader->includeFile('C:\\xampp\\htdocs\\public_html\\app\\Config\\Globals.php')
18 SYSTEMPATH\Autoloader\Autoloader.php(267): CodeIgniter\Autoloader\Autoloader->loadInNamespace('Config\\Globals')
19 APPPATH\Config\Routes.php(7): CodeIgniter\Autoloader\Autoloader->loadClass('Config\\Globals')
20 SYSTEMPATH\Router\RouteCollection.php(267): require('C:\\xampp\\htdocs\\public_html\\app\\Config\\Routes.php')
21 SYSTEMPATH\CodeIgniter.php(800): CodeIgniter\Router\RouteCollection->loadRoutes()
22 SYSTEMPATH\CodeIgniter.php(447): CodeIgniter\CodeIgniter->tryToRouteIt(null)
23 SYSTEMPATH\CodeIgniter.php(366): CodeIgniter\CodeIgniter->handleRequest(null, Object(Config\Cache), false)
24 FCPATH\index.php(86): CodeIgniter\CodeIgniter->run()
ERROR - 2026-07-08 10:15:28 --> Error connecting to the database: mysqli_sql_exception: No connection could be made because the target machine actively refused it in C:\xampp\htdocs\public_html\system\Database\MySQLi\Connection.php:173
Stack trace:
#0 C:\xampp\htdocs\public_html\system\Database\MySQLi\Connection.php(173): mysqli->real_connect('localhost', 'root', Object(SensitiveParameterValue), 'rcgerdata', 3306, '', 0)
#1 C:\xampp\htdocs\public_html\system\Database\BaseConnection.php(391): CodeIgniter\Database\MySQLi\Connection->connect(false)
#2 C:\xampp\htdocs\public_html\system\Session\Handlers\DatabaseHandler.php(109): CodeIgniter\Database\BaseConnection->initialize()
#3 [internal function]: CodeIgniter\Session\Handlers\DatabaseHandler->open('ci_sessions', 'vr_session')
#4 C:\xampp\htdocs\public_html\system\Session\Session.php(920): session_start()
#5 C:\xampp\htdocs\public_html\system\Session\Session.php(250): CodeIgniter\Session\Session->startSession()
#6 C:\xampp\htdocs\public_html\system\Config\Services.php(674): CodeIgniter\Session\Session->start()
#7 C:\xampp\htdocs\public_html\system\Config\BaseService.php(252): CodeIgniter\Config\Services::session(Object(Config\App), false)
#8 C:\xampp\htdocs\public_html\system\Config\BaseService.php(193): CodeIgniter\Config\BaseService::__callStatic('session', Array)
#9 C:\xampp\htdocs\public_html\system\Config\Services.php(641): CodeIgniter\Config\BaseService::getSharedInstance('session', NULL)
#10 C:\xampp\htdocs\public_html\system\Config\BaseService.php(252): CodeIgniter\Config\Services::session()
#11 C:\xampp\htdocs\public_html\app\Config\Globals.php(29): CodeIgniter\Config\BaseService::__callStatic('session', Array)
#12 C:\xampp\htdocs\public_html\app\Config\Globals.php(120): Config\Globals::setGlobals()
#13 C:\xampp\htdocs\public_html\system\Autoloader\Autoloader.php(312): include_once('C:\\xampp\\htdocs...')
#14 C:\xampp\htdocs\public_html\system\Autoloader\Autoloader.php(289): CodeIgniter\Autoloader\Autoloader->includeFile('C:\\xampp\\htdocs...')
#15 C:\xampp\htdocs\public_html\system\Autoloader\Autoloader.php(267): CodeIgniter\Autoloader\Autoloader->loadInNamespace('Config\\Globals')
#16 C:\xampp\htdocs\public_html\app\Config\Routes.php(7): CodeIgniter\Autoloader\Autoloader->loadClass('Config\\Globals')
#17 C:\xampp\htdocs\public_html\system\Router\RouteCollection.php(267): require('C:\\xampp\\htdocs...')
#18 C:\xampp\htdocs\public_html\system\CodeIgniter.php(800): CodeIgniter\Router\RouteCollection->loadRoutes()
#19 C:\xampp\htdocs\public_html\system\CodeIgniter.php(447): CodeIgniter\CodeIgniter->tryToRouteIt(NULL)
#20 C:\xampp\htdocs\public_html\system\CodeIgniter.php(366): CodeIgniter\CodeIgniter->handleRequest(NULL, Object(Config\Cache), false)
#21 C:\xampp\htdocs\public_html\index.php(86): CodeIgniter\CodeIgniter->run()
#22 {main}

Next CodeIgniter\Database\Exceptions\DatabaseException: No connection could be made because the target machine actively refused it in C:\xampp\htdocs\public_html\system\Database\MySQLi\Connection.php:218
Stack trace:
#0 C:\xampp\htdocs\public_html\system\Database\BaseConnection.php(391): CodeIgniter\Database\MySQLi\Connection->connect(false)
#1 C:\xampp\htdocs\public_html\system\Session\Handlers\DatabaseHandler.php(109): CodeIgniter\Database\BaseConnection->initialize()
#2 [internal function]: CodeIgniter\Session\Handlers\DatabaseHandler->open('ci_sessions', 'vr_session')
#3 C:\xampp\htdocs\public_html\system\Session\Session.php(920): session_start()
#4 C:\xampp\htdocs\public_html\system\Session\Session.php(250): CodeIgniter\Session\Session->startSession()
#5 C:\xampp\htdocs\public_html\system\Config\Services.php(674): CodeIgniter\Session\Session->start()
#6 C:\xampp\htdocs\public_html\system\Config\BaseService.php(252): CodeIgniter\Config\Services::session(Object(Config\App), false)
#7 C:\xampp\htdocs\public_html\system\Config\BaseService.php(193): CodeIgniter\Config\BaseService::__callStatic('session', Array)
#8 C:\xampp\htdocs\public_html\system\Config\Services.php(641): CodeIgniter\Config\BaseService::getSharedInstance('session', NULL)
#9 C:\xampp\htdocs\public_html\system\Config\BaseService.php(252): CodeIgniter\Config\Services::session()
#10 C:\xampp\htdocs\public_html\app\Config\Globals.php(29): CodeIgniter\Config\BaseService::__callStatic('session', Array)
#11 C:\xampp\htdocs\public_html\app\Config\Globals.php(120): Config\Globals::setGlobals()
#12 C:\xampp\htdocs\public_html\system\Autoloader\Autoloader.php(312): include_once('C:\\xampp\\htdocs...')
#13 C:\xampp\htdocs\public_html\system\Autoloader\Autoloader.php(289): CodeIgniter\Autoloader\Autoloader->includeFile('C:\\xampp\\htdocs...')
#14 C:\xampp\htdocs\public_html\system\Autoloader\Autoloader.php(267): CodeIgniter\Autoloader\Autoloader->loadInNamespace('Config\\Globals')
#15 C:\xampp\htdocs\public_html\app\Config\Routes.php(7): CodeIgniter\Autoloader\Autoloader->loadClass('Config\\Globals')
#16 C:\xampp\htdocs\public_html\system\Router\RouteCollection.php(267): require('C:\\xampp\\htdocs...')
#17 C:\xampp\htdocs\public_html\system\CodeIgniter.php(800): CodeIgniter\Router\RouteCollection->loadRoutes()
#18 C:\xampp\htdocs\public_html\system\CodeIgniter.php(447): CodeIgniter\CodeIgniter->tryToRouteIt(NULL)
#19 C:\xampp\htdocs\public_html\system\CodeIgniter.php(366): CodeIgniter\CodeIgniter->handleRequest(NULL, Object(Config\Cache), false)
#20 C:\xampp\htdocs\public_html\index.php(86): CodeIgniter\CodeIgniter->run()
#21 {main}
CRITICAL - 2026-07-08 10:15:28 --> Unable to connect to the database.
Main connection [MySQLi]: No connection could be made because the target machine actively refused it
in SYSTEMPATH\Database\BaseConnection.php on line 427.
 1 SYSTEMPATH\Session\Handlers\DatabaseHandler.php(109): CodeIgniter\Database\BaseConnection->initialize()
 2 [internal function]: CodeIgniter\Session\Handlers\DatabaseHandler->open('ci_sessions', 'vr_session')
 3 SYSTEMPATH\Session\Session.php(920): session_start()
 4 SYSTEMPATH\Session\Session.php(250): CodeIgniter\Session\Session->startSession()
 5 SYSTEMPATH\Config\Services.php(674): CodeIgniter\Session\Session->start()
 6 SYSTEMPATH\Config\BaseService.php(252): CodeIgniter\Config\Services::session(Object(Config\App), false)
 7 SYSTEMPATH\Config\BaseService.php(193): CodeIgniter\Config\BaseService::__callStatic('session', [...])
 8 SYSTEMPATH\Config\Services.php(641): CodeIgniter\Config\BaseService::getSharedInstance('session', null)
 9 SYSTEMPATH\Config\BaseService.php(252): CodeIgniter\Config\Services::session()
10 APPPATH\Config\Globals.php(29): CodeIgniter\Config\BaseService::__callStatic('session', [])
11 APPPATH\Config\Globals.php(120): Config\Globals::setGlobals()
12 SYSTEMPATH\Autoloader\Autoloader.php(312): include_once('C:\\xampp\\htdocs\\public_html\\app\\Config\\Globals.php')
13 SYSTEMPATH\Autoloader\Autoloader.php(289): CodeIgniter\Autoloader\Autoloader->includeFile('C:\\xampp\\htdocs\\public_html\\app\\Config\\Globals.php')
14 SYSTEMPATH\Autoloader\Autoloader.php(267): CodeIgniter\Autoloader\Autoloader->loadInNamespace('Config\\Globals')
15 APPPATH\Config\Routes.php(7): CodeIgniter\Autoloader\Autoloader->loadClass('Config\\Globals')
16 SYSTEMPATH\Router\RouteCollection.php(267): require('C:\\xampp\\htdocs\\public_html\\app\\Config\\Routes.php')
17 SYSTEMPATH\CodeIgniter.php(800): CodeIgniter\Router\RouteCollection->loadRoutes()
18 SYSTEMPATH\CodeIgniter.php(447): CodeIgniter\CodeIgniter->tryToRouteIt(null)
19 SYSTEMPATH\CodeIgniter.php(366): CodeIgniter\CodeIgniter->handleRequest(null, Object(Config\Cache), false)
20 FCPATH\index.php(86): CodeIgniter\CodeIgniter->run()
ERROR - 2026-07-08 10:16:26 --> Error connecting to the database: mysqli_sql_exception: No connection could be made because the target machine actively refused it in C:\xampp\htdocs\public_html\system\Database\MySQLi\Connection.php:173
Stack trace:
#0 C:\xampp\htdocs\public_html\system\Database\MySQLi\Connection.php(173): mysqli->real_connect('localhost', 'root', Object(SensitiveParameterValue), 'rcgerdata', 3306, '', 0)
#1 C:\xampp\htdocs\public_html\system\Database\BaseConnection.php(391): CodeIgniter\Database\MySQLi\Connection->connect(false)
#2 C:\xampp\htdocs\public_html\system\Session\Handlers\DatabaseHandler.php(109): CodeIgniter\Database\BaseConnection->initialize()
#3 [internal function]: CodeIgniter\Session\Handlers\DatabaseHandler->open('ci_sessions', 'vr_session')
#4 C:\xampp\htdocs\public_html\system\Session\Session.php(920): session_start()
#5 C:\xampp\htdocs\public_html\system\Session\Session.php(250): CodeIgniter\Session\Session->startSession()
#6 C:\xampp\htdocs\public_html\system\Config\Services.php(674): CodeIgniter\Session\Session->start()
#7 C:\xampp\htdocs\public_html\system\Config\BaseService.php(252): CodeIgniter\Config\Services::session(Object(Config\App), false)
#8 C:\xampp\htdocs\public_html\system\Config\BaseService.php(193): CodeIgniter\Config\BaseService::__callStatic('session', Array)
#9 C:\xampp\htdocs\public_html\system\Config\Services.php(641): CodeIgniter\Config\BaseService::getSharedInstance('session', NULL)
#10 C:\xampp\htdocs\public_html\system\Config\BaseService.php(252): CodeIgniter\Config\Services::session()
#11 C:\xampp\htdocs\public_html\app\Config\Globals.php(29): CodeIgniter\Config\BaseService::__callStatic('session', Array)
#12 C:\xampp\htdocs\public_html\app\Config\Globals.php(120): Config\Globals::setGlobals()
#13 C:\xampp\htdocs\public_html\system\Autoloader\Autoloader.php(312): include_once('C:\\xampp\\htdocs...')
#14 C:\xampp\htdocs\public_html\system\Autoloader\Autoloader.php(289): CodeIgniter\Autoloader\Autoloader->includeFile('C:\\xampp\\htdocs...')
#15 C:\xampp\htdocs\public_html\system\Autoloader\Autoloader.php(267): CodeIgniter\Autoloader\Autoloader->loadInNamespace('Config\\Globals')
#16 C:\xampp\htdocs\public_html\app\Config\Routes.php(7): CodeIgniter\Autoloader\Autoloader->loadClass('Config\\Globals')
#17 C:\xampp\htdocs\public_html\system\Router\RouteCollection.php(267): require('C:\\xampp\\htdocs...')
#18 C:\xampp\htdocs\public_html\system\CodeIgniter.php(800): CodeIgniter\Router\RouteCollection->loadRoutes()
#19 C:\xampp\htdocs\public_html\system\CodeIgniter.php(447): CodeIgniter\CodeIgniter->tryToRouteIt(NULL)
#20 C:\xampp\htdocs\public_html\system\CodeIgniter.php(366): CodeIgniter\CodeIgniter->handleRequest(NULL, Object(Config\Cache), false)
#21 C:\xampp\htdocs\public_html\index.php(86): CodeIgniter\CodeIgniter->run()
#22 {main}

Next CodeIgniter\Database\Exceptions\DatabaseException: No connection could be made because the target machine actively refused it in C:\xampp\htdocs\public_html\system\Database\MySQLi\Connection.php:218
Stack trace:
#0 C:\xampp\htdocs\public_html\system\Database\BaseConnection.php(391): CodeIgniter\Database\MySQLi\Connection->connect(false)
#1 C:\xampp\htdocs\public_html\system\Session\Handlers\DatabaseHandler.php(109): CodeIgniter\Database\BaseConnection->initialize()
#2 [internal function]: CodeIgniter\Session\Handlers\DatabaseHandler->open('ci_sessions', 'vr_session')
#3 C:\xampp\htdocs\public_html\system\Session\Session.php(920): session_start()
#4 C:\xampp\htdocs\public_html\system\Session\Session.php(250): CodeIgniter\Session\Session->startSession()
#5 C:\xampp\htdocs\public_html\system\Config\Services.php(674): CodeIgniter\Session\Session->start()
#6 C:\xampp\htdocs\public_html\system\Config\BaseService.php(252): CodeIgniter\Config\Services::session(Object(Config\App), false)
#7 C:\xampp\htdocs\public_html\system\Config\BaseService.php(193): CodeIgniter\Config\BaseService::__callStatic('session', Array)
#8 C:\xampp\htdocs\public_html\system\Config\Services.php(641): CodeIgniter\Config\BaseService::getSharedInstance('session', NULL)
#9 C:\xampp\htdocs\public_html\system\Config\BaseService.php(252): CodeIgniter\Config\Services::session()
#10 C:\xampp\htdocs\public_html\app\Config\Globals.php(29): CodeIgniter\Config\BaseService::__callStatic('session', Array)
#11 C:\xampp\htdocs\public_html\app\Config\Globals.php(120): Config\Globals::setGlobals()
#12 C:\xampp\htdocs\public_html\system\Autoloader\Autoloader.php(312): include_once('C:\\xampp\\htdocs...')
#13 C:\xampp\htdocs\public_html\system\Autoloader\Autoloader.php(289): CodeIgniter\Autoloader\Autoloader->includeFile('C:\\xampp\\htdocs...')
#14 C:\xampp\htdocs\public_html\system\Autoloader\Autoloader.php(267): CodeIgniter\Autoloader\Autoloader->loadInNamespace('Config\\Globals')
#15 C:\xampp\htdocs\public_html\app\Config\Routes.php(7): CodeIgniter\Autoloader\Autoloader->loadClass('Config\\Globals')
#16 C:\xampp\htdocs\public_html\system\Router\RouteCollection.php(267): require('C:\\xampp\\htdocs...')
#17 C:\xampp\htdocs\public_html\system\CodeIgniter.php(800): CodeIgniter\Router\RouteCollection->loadRoutes()
#18 C:\xampp\htdocs\public_html\system\CodeIgniter.php(447): CodeIgniter\CodeIgniter->tryToRouteIt(NULL)
#19 C:\xampp\htdocs\public_html\system\CodeIgniter.php(366): CodeIgniter\CodeIgniter->handleRequest(NULL, Object(Config\Cache), false)
#20 C:\xampp\htdocs\public_html\index.php(86): CodeIgniter\CodeIgniter->run()
#21 {main}
CRITICAL - 2026-07-08 10:16:26 --> Unable to connect to the database.
Main connection [MySQLi]: No connection could be made because the target machine actively refused it
in SYSTEMPATH\Database\BaseConnection.php on line 427.
 1 SYSTEMPATH\Session\Handlers\DatabaseHandler.php(109): CodeIgniter\Database\BaseConnection->initialize()
 2 [internal function]: CodeIgniter\Session\Handlers\DatabaseHandler->open('ci_sessions', 'vr_session')
 3 SYSTEMPATH\Session\Session.php(920): session_start()
 4 SYSTEMPATH\Session\Session.php(250): CodeIgniter\Session\Session->startSession()
 5 SYSTEMPATH\Config\Services.php(674): CodeIgniter\Session\Session->start()
 6 SYSTEMPATH\Config\BaseService.php(252): CodeIgniter\Config\Services::session(Object(Config\App), false)
 7 SYSTEMPATH\Config\BaseService.php(193): CodeIgniter\Config\BaseService::__callStatic('session', [...])
 8 SYSTEMPATH\Config\Services.php(641): CodeIgniter\Config\BaseService::getSharedInstance('session', null)
 9 SYSTEMPATH\Config\BaseService.php(252): CodeIgniter\Config\Services::session()
10 APPPATH\Config\Globals.php(29): CodeIgniter\Config\BaseService::__callStatic('session', [])
11 APPPATH\Config\Globals.php(120): Config\Globals::setGlobals()
12 SYSTEMPATH\Autoloader\Autoloader.php(312): include_once('C:\\xampp\\htdocs\\public_html\\app\\Config\\Globals.php')
13 SYSTEMPATH\Autoloader\Autoloader.php(289): CodeIgniter\Autoloader\Autoloader->includeFile('C:\\xampp\\htdocs\\public_html\\app\\Config\\Globals.php')
14 SYSTEMPATH\Autoloader\Autoloader.php(267): CodeIgniter\Autoloader\Autoloader->loadInNamespace('Config\\Globals')
15 APPPATH\Config\Routes.php(7): CodeIgniter\Autoloader\Autoloader->loadClass('Config\\Globals')
16 SYSTEMPATH\Router\RouteCollection.php(267): require('C:\\xampp\\htdocs\\public_html\\app\\Config\\Routes.php')
17 SYSTEMPATH\CodeIgniter.php(800): CodeIgniter\Router\RouteCollection->loadRoutes()
18 SYSTEMPATH\CodeIgniter.php(447): CodeIgniter\CodeIgniter->tryToRouteIt(null)
19 SYSTEMPATH\CodeIgniter.php(366): CodeIgniter\CodeIgniter->handleRequest(null, Object(Config\Cache), false)
20 FCPATH\index.php(86): CodeIgniter\CodeIgniter->run()
ERROR - 2026-07-08 10:16:35 --> Error connecting to the database: mysqli_sql_exception: No connection could be made because the target machine actively refused it in C:\xampp\htdocs\public_html\system\Database\MySQLi\Connection.php:173
Stack trace:
#0 C:\xampp\htdocs\public_html\system\Database\MySQLi\Connection.php(173): mysqli->real_connect('localhost', 'root', Object(SensitiveParameterValue), 'rcgerdata', 3306, '', 0)
#1 C:\xampp\htdocs\public_html\system\Database\BaseConnection.php(391): CodeIgniter\Database\MySQLi\Connection->connect(false)
#2 C:\xampp\htdocs\public_html\system\Session\Handlers\DatabaseHandler.php(109): CodeIgniter\Database\BaseConnection->initialize()
#3 [internal function]: CodeIgniter\Session\Handlers\DatabaseHandler->open('ci_sessions', 'vr_session')
#4 C:\xampp\htdocs\public_html\system\Session\Session.php(920): session_start()
#5 C:\xampp\htdocs\public_html\system\Session\Session.php(250): CodeIgniter\Session\Session->startSession()
#6 C:\xampp\htdocs\public_html\system\Config\Services.php(674): CodeIgniter\Session\Session->start()
#7 C:\xampp\htdocs\public_html\system\Config\BaseService.php(252): CodeIgniter\Config\Services::session(Object(Config\App), false)
#8 C:\xampp\htdocs\public_html\system\Config\BaseService.php(193): CodeIgniter\Config\BaseService::__callStatic('session', Array)
#9 C:\xampp\htdocs\public_html\system\Config\Services.php(641): CodeIgniter\Config\BaseService::getSharedInstance('session', NULL)
#10 C:\xampp\htdocs\public_html\system\Config\BaseService.php(252): CodeIgniter\Config\Services::session()
#11 C:\xampp\htdocs\public_html\app\Config\Globals.php(29): CodeIgniter\Config\BaseService::__callStatic('session', Array)
#12 C:\xampp\htdocs\public_html\app\Config\Globals.php(120): Config\Globals::setGlobals()
#13 C:\xampp\htdocs\public_html\system\Autoloader\Autoloader.php(312): include_once('C:\\xampp\\htdocs...')
#14 C:\xampp\htdocs\public_html\system\Autoloader\Autoloader.php(289): CodeIgniter\Autoloader\Autoloader->includeFile('C:\\xampp\\htdocs...')
#15 C:\xampp\htdocs\public_html\system\Autoloader\Autoloader.php(267): CodeIgniter\Autoloader\Autoloader->loadInNamespace('Config\\Globals')
#16 C:\xampp\htdocs\public_html\app\Config\Routes.php(7): CodeIgniter\Autoloader\Autoloader->loadClass('Config\\Globals')
#17 C:\xampp\htdocs\public_html\system\Router\RouteCollection.php(267): require('C:\\xampp\\htdocs...')
#18 C:\xampp\htdocs\public_html\system\CodeIgniter.php(800): CodeIgniter\Router\RouteCollection->loadRoutes()
#19 C:\xampp\htdocs\public_html\system\CodeIgniter.php(447): CodeIgniter\CodeIgniter->tryToRouteIt(NULL)
#20 C:\xampp\htdocs\public_html\system\CodeIgniter.php(366): CodeIgniter\CodeIgniter->handleRequest(NULL, Object(Config\Cache), false)
#21 C:\xampp\htdocs\public_html\index.php(86): CodeIgniter\CodeIgniter->run()
#22 {main}

Next CodeIgniter\Database\Exceptions\DatabaseException: No connection could be made because the target machine actively refused it in C:\xampp\htdocs\public_html\system\Database\MySQLi\Connection.php:218
Stack trace:
#0 C:\xampp\htdocs\public_html\system\Database\BaseConnection.php(391): CodeIgniter\Database\MySQLi\Connection->connect(false)
#1 C:\xampp\htdocs\public_html\system\Session\Handlers\DatabaseHandler.php(109): CodeIgniter\Database\BaseConnection->initialize()
#2 [internal function]: CodeIgniter\Session\Handlers\DatabaseHandler->open('ci_sessions', 'vr_session')
#3 C:\xampp\htdocs\public_html\system\Session\Session.php(920): session_start()
#4 C:\xampp\htdocs\public_html\system\Session\Session.php(250): CodeIgniter\Session\Session->startSession()
#5 C:\xampp\htdocs\public_html\system\Config\Services.php(674): CodeIgniter\Session\Session->start()
#6 C:\xampp\htdocs\public_html\system\Config\BaseService.php(252): CodeIgniter\Config\Services::session(Object(Config\App), false)
#7 C:\xampp\htdocs\public_html\system\Config\BaseService.php(193): CodeIgniter\Config\BaseService::__callStatic('session', Array)
#8 C:\xampp\htdocs\public_html\system\Config\Services.php(641): CodeIgniter\Config\BaseService::getSharedInstance('session', NULL)
#9 C:\xampp\htdocs\public_html\system\Config\BaseService.php(252): CodeIgniter\Config\Services::session()
#10 C:\xampp\htdocs\public_html\app\Config\Globals.php(29): CodeIgniter\Config\BaseService::__callStatic('session', Array)
#11 C:\xampp\htdocs\public_html\app\Config\Globals.php(120): Config\Globals::setGlobals()
#12 C:\xampp\htdocs\public_html\system\Autoloader\Autoloader.php(312): include_once('C:\\xampp\\htdocs...')
#13 C:\xampp\htdocs\public_html\system\Autoloader\Autoloader.php(289): CodeIgniter\Autoloader\Autoloader->includeFile('C:\\xampp\\htdocs...')
#14 C:\xampp\htdocs\public_html\system\Autoloader\Autoloader.php(267): CodeIgniter\Autoloader\Autoloader->loadInNamespace('Config\\Globals')
#15 C:\xampp\htdocs\public_html\app\Config\Routes.php(7): CodeIgniter\Autoloader\Autoloader->loadClass('Config\\Globals')
#16 C:\xampp\htdocs\public_html\system\Router\RouteCollection.php(267): require('C:\\xampp\\htdocs...')
#17 C:\xampp\htdocs\public_html\system\CodeIgniter.php(800): CodeIgniter\Router\RouteCollection->loadRoutes()
#18 C:\xampp\htdocs\public_html\system\CodeIgniter.php(447): CodeIgniter\CodeIgniter->tryToRouteIt(NULL)
#19 C:\xampp\htdocs\public_html\system\CodeIgniter.php(366): CodeIgniter\CodeIgniter->handleRequest(NULL, Object(Config\Cache), false)
#20 C:\xampp\htdocs\public_html\index.php(86): CodeIgniter\CodeIgniter->run()
#21 {main}
CRITICAL - 2026-07-08 10:16:35 --> Unable to connect to the database.
Main connection [MySQLi]: No connection could be made because the target machine actively refused it
in SYSTEMPATH\Database\BaseConnection.php on line 427.
 1 SYSTEMPATH\Session\Handlers\DatabaseHandler.php(109): CodeIgniter\Database\BaseConnection->initialize()
 2 [internal function]: CodeIgniter\Session\Handlers\DatabaseHandler->open('ci_sessions', 'vr_session')
 3 SYSTEMPATH\Session\Session.php(920): session_start()
 4 SYSTEMPATH\Session\Session.php(250): CodeIgniter\Session\Session->startSession()
 5 SYSTEMPATH\Config\Services.php(674): CodeIgniter\Session\Session->start()
 6 SYSTEMPATH\Config\BaseService.php(252): CodeIgniter\Config\Services::session(Object(Config\App), false)
 7 SYSTEMPATH\Config\BaseService.php(193): CodeIgniter\Config\BaseService::__callStatic('session', [...])
 8 SYSTEMPATH\Config\Services.php(641): CodeIgniter\Config\BaseService::getSharedInstance('session', null)
 9 SYSTEMPATH\Config\BaseService.php(252): CodeIgniter\Config\Services::session()
10 APPPATH\Config\Globals.php(29): CodeIgniter\Config\BaseService::__callStatic('session', [])
11 APPPATH\Config\Globals.php(120): Config\Globals::setGlobals()
12 SYSTEMPATH\Autoloader\Autoloader.php(312): include_once('C:\\xampp\\htdocs\\public_html\\app\\Config\\Globals.php')
13 SYSTEMPATH\Autoloader\Autoloader.php(289): CodeIgniter\Autoloader\Autoloader->includeFile('C:\\xampp\\htdocs\\public_html\\app\\Config\\Globals.php')
14 SYSTEMPATH\Autoloader\Autoloader.php(267): CodeIgniter\Autoloader\Autoloader->loadInNamespace('Config\\Globals')
15 APPPATH\Config\Routes.php(7): CodeIgniter\Autoloader\Autoloader->loadClass('Config\\Globals')
16 SYSTEMPATH\Router\RouteCollection.php(267): require('C:\\xampp\\htdocs\\public_html\\app\\Config\\Routes.php')
17 SYSTEMPATH\CodeIgniter.php(800): CodeIgniter\Router\RouteCollection->loadRoutes()
18 SYSTEMPATH\CodeIgniter.php(447): CodeIgniter\CodeIgniter->tryToRouteIt(null)
19 SYSTEMPATH\CodeIgniter.php(366): CodeIgniter\CodeIgniter->handleRequest(null, Object(Config\Cache), false)
20 FCPATH\index.php(86): CodeIgniter\CodeIgniter->run()
INFO - 2026-07-08 10:17:00 --> Session: Class initialized using 'CodeIgniter\Session\Handlers\DatabaseHandler' driver.
INFO - 2026-07-08 10:17:03 --> Session: Class initialized using 'CodeIgniter\Session\Handlers\DatabaseHandler' driver.
INFO - 2026-07-08 10:21:35 --> Session: Class initialized using 'CodeIgniter\Session\Handlers\DatabaseHandler' driver.
INFO - 2026-07-08 10:21:35 --> Session: Class initialized using 'CodeIgniter\Session\Handlers\DatabaseHandler' driver.
INFO - 2026-07-08 10:28:19 --> Session: Class initialized using 'CodeIgniter\Session\Handlers\DatabaseHandler' driver.
INFO - 2026-07-08 10:28:20 --> Session: Class initialized using 'CodeIgniter\Session\Handlers\DatabaseHandler' driver.
INFO - 2026-07-08 10:28:20 --> Session: Class initialized using 'CodeIgniter\Session\Handlers\DatabaseHandler' driver.
INFO - 2026-07-08 10:28:31 --> Session: Class initialized using 'CodeIgniter\Session\Handlers\DatabaseHandler' driver.
INFO - 2026-07-08 11:04:41 --> Session: Class initialized using 'CodeIgniter\Session\Handlers\DatabaseHandler' driver.
INFO - 2026-07-08 11:04:46 --> Session: Class initialized using 'CodeIgniter\Session\Handlers\DatabaseHandler' driver.
INFO - 2026-07-08 11:04:47 --> Session: Class initialized using 'CodeIgniter\Session\Handlers\DatabaseHandler' driver.
INFO - 2026-07-08 11:04:54 --> Session: Class initialized using 'CodeIgniter\Session\Handlers\DatabaseHandler' driver.
INFO - 2026-07-08 11:04:56 --> Session: Class initialized using 'CodeIgniter\Session\Handlers\DatabaseHandler' driver.
