ERROR - 2025-06-26 07:24:45 --> Error connecting to the database: mysqli_sql_exception: Access denied for user 'u575370958_Raghu'@'localhost' (using password: YES) in /Applications/XAMPP/xamppfiles/htdocs/news/system/Database/MySQLi/Connection.php:173
Stack trace:
#0 /Applications/XAMPP/xamppfiles/htdocs/news/system/Database/MySQLi/Connection.php(173): mysqli->real_connect('localhost', 'u575370958_Ragh...', Object(SensitiveParameterValue), 'u575370958_Ragh...', 3306, '', 0)
#1 /Applications/XAMPP/xamppfiles/htdocs/news/system/Database/BaseConnection.php(391): CodeIgniter\Database\MySQLi\Connection->connect(false)
#2 /Applications/XAMPP/xamppfiles/htdocs/news/system/Session/Handlers/DatabaseHandler.php(109): CodeIgniter\Database\BaseConnection->initialize()
#3 [internal function]: CodeIgniter\Session\Handlers\DatabaseHandler->open('ci_sessions', 'vr_session')
#4 /Applications/XAMPP/xamppfiles/htdocs/news/system/Session/Session.php(920): session_start()
#5 /Applications/XAMPP/xamppfiles/htdocs/news/system/Session/Session.php(250): CodeIgniter\Session\Session->startSession()
#6 /Applications/XAMPP/xamppfiles/htdocs/news/system/Config/Services.php(674): CodeIgniter\Session\Session->start()
#7 /Applications/XAMPP/xamppfiles/htdocs/news/system/Config/BaseService.php(252): CodeIgniter\Config\Services::session(Object(Config\App), false)
#8 /Applications/XAMPP/xamppfiles/htdocs/news/system/Config/BaseService.php(193): CodeIgniter\Config\BaseService::__callStatic('session', Array)
#9 /Applications/XAMPP/xamppfiles/htdocs/news/system/Config/Services.php(641): CodeIgniter\Config\BaseService::getSharedInstance('session', NULL)
#10 /Applications/XAMPP/xamppfiles/htdocs/news/system/Config/BaseService.php(252): CodeIgniter\Config\Services::session()
#11 /Applications/XAMPP/xamppfiles/htdocs/news/app/Config/Globals.php(29): CodeIgniter\Config\BaseService::__callStatic('session', Array)
#12 /Applications/XAMPP/xamppfiles/htdocs/news/app/Config/Globals.php(120): Config\Globals::setGlobals()
#13 /Applications/XAMPP/xamppfiles/htdocs/news/system/Autoloader/Autoloader.php(312): include_once('/Applications/X...')
#14 /Applications/XAMPP/xamppfiles/htdocs/news/system/Autoloader/Autoloader.php(289): CodeIgniter\Autoloader\Autoloader->includeFile('/Applications/X...')
#15 /Applications/XAMPP/xamppfiles/htdocs/news/system/Autoloader/Autoloader.php(267): CodeIgniter\Autoloader\Autoloader->loadInNamespace('Config\\Globals')
#16 /Applications/XAMPP/xamppfiles/htdocs/news/app/Config/Routes.php(7): CodeIgniter\Autoloader\Autoloader->loadClass('Config\\Globals')
#17 /Applications/XAMPP/xamppfiles/htdocs/news/system/Router/RouteCollection.php(267): require('/Applications/X...')
#18 /Applications/XAMPP/xamppfiles/htdocs/news/system/CodeIgniter.php(800): CodeIgniter\Router\RouteCollection->loadRoutes()
#19 /Applications/XAMPP/xamppfiles/htdocs/news/system/CodeIgniter.php(447): CodeIgniter\CodeIgniter->tryToRouteIt(NULL)
#20 /Applications/XAMPP/xamppfiles/htdocs/news/system/CodeIgniter.php(366): CodeIgniter\CodeIgniter->handleRequest(NULL, Object(Config\Cache), false)
#21 /Applications/XAMPP/xamppfiles/htdocs/news/index.php(77): CodeIgniter\CodeIgniter->run()
#22 {main}

Next CodeIgniter\Database\Exceptions\DatabaseException: Access denied for user '****'@'localhost' (using password: YES) in /Applications/XAMPP/xamppfiles/htdocs/news/system/Database/MySQLi/Connection.php:218
Stack trace:
#0 /Applications/XAMPP/xamppfiles/htdocs/news/system/Database/BaseConnection.php(391): CodeIgniter\Database\MySQLi\Connection->connect(false)
#1 /Applications/XAMPP/xamppfiles/htdocs/news/system/Session/Handlers/DatabaseHandler.php(109): CodeIgniter\Database\BaseConnection->initialize()
#2 [internal function]: CodeIgniter\Session\Handlers\DatabaseHandler->open('ci_sessions', 'vr_session')
#3 /Applications/XAMPP/xamppfiles/htdocs/news/system/Session/Session.php(920): session_start()
#4 /Applications/XAMPP/xamppfiles/htdocs/news/system/Session/Session.php(250): CodeIgniter\Session\Session->startSession()
#5 /Applications/XAMPP/xamppfiles/htdocs/news/system/Config/Services.php(674): CodeIgniter\Session\Session->start()
#6 /Applications/XAMPP/xamppfiles/htdocs/news/system/Config/BaseService.php(252): CodeIgniter\Config\Services::session(Object(Config\App), false)
#7 /Applications/XAMPP/xamppfiles/htdocs/news/system/Config/BaseService.php(193): CodeIgniter\Config\BaseService::__callStatic('session', Array)
#8 /Applications/XAMPP/xamppfiles/htdocs/news/system/Config/Services.php(641): CodeIgniter\Config\BaseService::getSharedInstance('session', NULL)
#9 /Applications/XAMPP/xamppfiles/htdocs/news/system/Config/BaseService.php(252): CodeIgniter\Config\Services::session()
#10 /Applications/XAMPP/xamppfiles/htdocs/news/app/Config/Globals.php(29): CodeIgniter\Config\BaseService::__callStatic('session', Array)
#11 /Applications/XAMPP/xamppfiles/htdocs/news/app/Config/Globals.php(120): Config\Globals::setGlobals()
#12 /Applications/XAMPP/xamppfiles/htdocs/news/system/Autoloader/Autoloader.php(312): include_once('/Applications/X...')
#13 /Applications/XAMPP/xamppfiles/htdocs/news/system/Autoloader/Autoloader.php(289): CodeIgniter\Autoloader\Autoloader->includeFile('/Applications/X...')
#14 /Applications/XAMPP/xamppfiles/htdocs/news/system/Autoloader/Autoloader.php(267): CodeIgniter\Autoloader\Autoloader->loadInNamespace('Config\\Globals')
#15 /Applications/XAMPP/xamppfiles/htdocs/news/app/Config/Routes.php(7): CodeIgniter\Autoloader\Autoloader->loadClass('Config\\Globals')
#16 /Applications/XAMPP/xamppfiles/htdocs/news/system/Router/RouteCollection.php(267): require('/Applications/X...')
#17 /Applications/XAMPP/xamppfiles/htdocs/news/system/CodeIgniter.php(800): CodeIgniter\Router\RouteCollection->loadRoutes()
#18 /Applications/XAMPP/xamppfiles/htdocs/news/system/CodeIgniter.php(447): CodeIgniter\CodeIgniter->tryToRouteIt(NULL)
#19 /Applications/XAMPP/xamppfiles/htdocs/news/system/CodeIgniter.php(366): CodeIgniter\CodeIgniter->handleRequest(NULL, Object(Config\Cache), false)
#20 /Applications/XAMPP/xamppfiles/htdocs/news/index.php(77): CodeIgniter\CodeIgniter->run()
#21 {main}
CRITICAL - 2025-06-26 07:24:45 --> Unable to connect to the database.
Main connection [MySQLi]: Access denied for user '****'@'localhost' (using password: YES)
in SYSTEMPATH/Database/BaseConnection.php on line 427.
 1 SYSTEMPATH/Session/Handlers/DatabaseHandler.php(109): CodeIgniter\Database\BaseConnection->initialize()
 2 [internal function]: CodeIgniter\Session\Handlers\DatabaseHandler->open('ci_sessions', 'vr_session')
 3 SYSTEMPATH/Session/Session.php(920): session_start()
 4 SYSTEMPATH/Session/Session.php(250): CodeIgniter\Session\Session->startSession()
 5 SYSTEMPATH/Config/Services.php(674): CodeIgniter\Session\Session->start()
 6 SYSTEMPATH/Config/BaseService.php(252): CodeIgniter\Config\Services::session(Object(Config\App), false)
 7 SYSTEMPATH/Config/BaseService.php(193): CodeIgniter\Config\BaseService::__callStatic('session', [...])
 8 SYSTEMPATH/Config/Services.php(641): CodeIgniter\Config\BaseService::getSharedInstance('session', null)
 9 SYSTEMPATH/Config/BaseService.php(252): CodeIgniter\Config\Services::session()
10 APPPATH/Config/Globals.php(29): CodeIgniter\Config\BaseService::__callStatic('session', [])
11 APPPATH/Config/Globals.php(120): Config\Globals::setGlobals()
12 SYSTEMPATH/Autoloader/Autoloader.php(312): include_once('/Applications/XAMPP/xamppfiles/htdocs/news/app/Config/Globals.php')
13 SYSTEMPATH/Autoloader/Autoloader.php(289): CodeIgniter\Autoloader\Autoloader->includeFile('/Applications/XAMPP/xamppfiles/htdocs/news/app/Config/Globals.php')
14 SYSTEMPATH/Autoloader/Autoloader.php(267): CodeIgniter\Autoloader\Autoloader->loadInNamespace('Config\\Globals')
15 APPPATH/Config/Routes.php(7): CodeIgniter\Autoloader\Autoloader->loadClass('Config\\Globals')
16 SYSTEMPATH/Router/RouteCollection.php(267): require('/Applications/XAMPP/xamppfiles/htdocs/news/app/Config/Routes.php')
17 SYSTEMPATH/CodeIgniter.php(800): CodeIgniter\Router\RouteCollection->loadRoutes()
18 SYSTEMPATH/CodeIgniter.php(447): CodeIgniter\CodeIgniter->tryToRouteIt(null)
19 SYSTEMPATH/CodeIgniter.php(366): CodeIgniter\CodeIgniter->handleRequest(null, Object(Config\Cache), false)
20 FCPATH/index.php(77): CodeIgniter\CodeIgniter->run()
ERROR - 2025-06-26 07:25:03 --> Error connecting to the database: mysqli_sql_exception: Access denied for user 'u575370958_Raghu'@'localhost' (using password: YES) in /Applications/XAMPP/xamppfiles/htdocs/news/system/Database/MySQLi/Connection.php:173
Stack trace:
#0 /Applications/XAMPP/xamppfiles/htdocs/news/system/Database/MySQLi/Connection.php(173): mysqli->real_connect('localhost', 'u575370958_Ragh...', Object(SensitiveParameterValue), 'u575370958_Ragh...', 3306, '', 0)
#1 /Applications/XAMPP/xamppfiles/htdocs/news/system/Database/BaseConnection.php(391): CodeIgniter\Database\MySQLi\Connection->connect(false)
#2 /Applications/XAMPP/xamppfiles/htdocs/news/system/Session/Handlers/DatabaseHandler.php(109): CodeIgniter\Database\BaseConnection->initialize()
#3 [internal function]: CodeIgniter\Session\Handlers\DatabaseHandler->open('ci_sessions', 'vr_session')
#4 /Applications/XAMPP/xamppfiles/htdocs/news/system/Session/Session.php(920): session_start()
#5 /Applications/XAMPP/xamppfiles/htdocs/news/system/Session/Session.php(250): CodeIgniter\Session\Session->startSession()
#6 /Applications/XAMPP/xamppfiles/htdocs/news/system/Config/Services.php(674): CodeIgniter\Session\Session->start()
#7 /Applications/XAMPP/xamppfiles/htdocs/news/system/Config/BaseService.php(252): CodeIgniter\Config\Services::session(Object(Config\App), false)
#8 /Applications/XAMPP/xamppfiles/htdocs/news/system/Config/BaseService.php(193): CodeIgniter\Config\BaseService::__callStatic('session', Array)
#9 /Applications/XAMPP/xamppfiles/htdocs/news/system/Config/Services.php(641): CodeIgniter\Config\BaseService::getSharedInstance('session', NULL)
#10 /Applications/XAMPP/xamppfiles/htdocs/news/system/Config/BaseService.php(252): CodeIgniter\Config\Services::session()
#11 /Applications/XAMPP/xamppfiles/htdocs/news/app/Config/Globals.php(29): CodeIgniter\Config\BaseService::__callStatic('session', Array)
#12 /Applications/XAMPP/xamppfiles/htdocs/news/app/Config/Globals.php(120): Config\Globals::setGlobals()
#13 /Applications/XAMPP/xamppfiles/htdocs/news/system/Autoloader/Autoloader.php(312): include_once('/Applications/X...')
#14 /Applications/XAMPP/xamppfiles/htdocs/news/system/Autoloader/Autoloader.php(289): CodeIgniter\Autoloader\Autoloader->includeFile('/Applications/X...')
#15 /Applications/XAMPP/xamppfiles/htdocs/news/system/Autoloader/Autoloader.php(267): CodeIgniter\Autoloader\Autoloader->loadInNamespace('Config\\Globals')
#16 /Applications/XAMPP/xamppfiles/htdocs/news/app/Config/Routes.php(7): CodeIgniter\Autoloader\Autoloader->loadClass('Config\\Globals')
#17 /Applications/XAMPP/xamppfiles/htdocs/news/system/Router/RouteCollection.php(267): require('/Applications/X...')
#18 /Applications/XAMPP/xamppfiles/htdocs/news/system/CodeIgniter.php(800): CodeIgniter\Router\RouteCollection->loadRoutes()
#19 /Applications/XAMPP/xamppfiles/htdocs/news/system/CodeIgniter.php(447): CodeIgniter\CodeIgniter->tryToRouteIt(NULL)
#20 /Applications/XAMPP/xamppfiles/htdocs/news/system/CodeIgniter.php(366): CodeIgniter\CodeIgniter->handleRequest(NULL, Object(Config\Cache), false)
#21 /Applications/XAMPP/xamppfiles/htdocs/news/index.php(77): CodeIgniter\CodeIgniter->run()
#22 {main}

Next CodeIgniter\Database\Exceptions\DatabaseException: Access denied for user '****'@'localhost' (using password: YES) in /Applications/XAMPP/xamppfiles/htdocs/news/system/Database/MySQLi/Connection.php:218
Stack trace:
#0 /Applications/XAMPP/xamppfiles/htdocs/news/system/Database/BaseConnection.php(391): CodeIgniter\Database\MySQLi\Connection->connect(false)
#1 /Applications/XAMPP/xamppfiles/htdocs/news/system/Session/Handlers/DatabaseHandler.php(109): CodeIgniter\Database\BaseConnection->initialize()
#2 [internal function]: CodeIgniter\Session\Handlers\DatabaseHandler->open('ci_sessions', 'vr_session')
#3 /Applications/XAMPP/xamppfiles/htdocs/news/system/Session/Session.php(920): session_start()
#4 /Applications/XAMPP/xamppfiles/htdocs/news/system/Session/Session.php(250): CodeIgniter\Session\Session->startSession()
#5 /Applications/XAMPP/xamppfiles/htdocs/news/system/Config/Services.php(674): CodeIgniter\Session\Session->start()
#6 /Applications/XAMPP/xamppfiles/htdocs/news/system/Config/BaseService.php(252): CodeIgniter\Config\Services::session(Object(Config\App), false)
#7 /Applications/XAMPP/xamppfiles/htdocs/news/system/Config/BaseService.php(193): CodeIgniter\Config\BaseService::__callStatic('session', Array)
#8 /Applications/XAMPP/xamppfiles/htdocs/news/system/Config/Services.php(641): CodeIgniter\Config\BaseService::getSharedInstance('session', NULL)
#9 /Applications/XAMPP/xamppfiles/htdocs/news/system/Config/BaseService.php(252): CodeIgniter\Config\Services::session()
#10 /Applications/XAMPP/xamppfiles/htdocs/news/app/Config/Globals.php(29): CodeIgniter\Config\BaseService::__callStatic('session', Array)
#11 /Applications/XAMPP/xamppfiles/htdocs/news/app/Config/Globals.php(120): Config\Globals::setGlobals()
#12 /Applications/XAMPP/xamppfiles/htdocs/news/system/Autoloader/Autoloader.php(312): include_once('/Applications/X...')
#13 /Applications/XAMPP/xamppfiles/htdocs/news/system/Autoloader/Autoloader.php(289): CodeIgniter\Autoloader\Autoloader->includeFile('/Applications/X...')
#14 /Applications/XAMPP/xamppfiles/htdocs/news/system/Autoloader/Autoloader.php(267): CodeIgniter\Autoloader\Autoloader->loadInNamespace('Config\\Globals')
#15 /Applications/XAMPP/xamppfiles/htdocs/news/app/Config/Routes.php(7): CodeIgniter\Autoloader\Autoloader->loadClass('Config\\Globals')
#16 /Applications/XAMPP/xamppfiles/htdocs/news/system/Router/RouteCollection.php(267): require('/Applications/X...')
#17 /Applications/XAMPP/xamppfiles/htdocs/news/system/CodeIgniter.php(800): CodeIgniter\Router\RouteCollection->loadRoutes()
#18 /Applications/XAMPP/xamppfiles/htdocs/news/system/CodeIgniter.php(447): CodeIgniter\CodeIgniter->tryToRouteIt(NULL)
#19 /Applications/XAMPP/xamppfiles/htdocs/news/system/CodeIgniter.php(366): CodeIgniter\CodeIgniter->handleRequest(NULL, Object(Config\Cache), false)
#20 /Applications/XAMPP/xamppfiles/htdocs/news/index.php(77): CodeIgniter\CodeIgniter->run()
#21 {main}
CRITICAL - 2025-06-26 07:25:03 --> Unable to connect to the database.
Main connection [MySQLi]: Access denied for user '****'@'localhost' (using password: YES)
in SYSTEMPATH/Database/BaseConnection.php on line 427.
 1 SYSTEMPATH/Session/Handlers/DatabaseHandler.php(109): CodeIgniter\Database\BaseConnection->initialize()
 2 [internal function]: CodeIgniter\Session\Handlers\DatabaseHandler->open('ci_sessions', 'vr_session')
 3 SYSTEMPATH/Session/Session.php(920): session_start()
 4 SYSTEMPATH/Session/Session.php(250): CodeIgniter\Session\Session->startSession()
 5 SYSTEMPATH/Config/Services.php(674): CodeIgniter\Session\Session->start()
 6 SYSTEMPATH/Config/BaseService.php(252): CodeIgniter\Config\Services::session(Object(Config\App), false)
 7 SYSTEMPATH/Config/BaseService.php(193): CodeIgniter\Config\BaseService::__callStatic('session', [...])
 8 SYSTEMPATH/Config/Services.php(641): CodeIgniter\Config\BaseService::getSharedInstance('session', null)
 9 SYSTEMPATH/Config/BaseService.php(252): CodeIgniter\Config\Services::session()
10 APPPATH/Config/Globals.php(29): CodeIgniter\Config\BaseService::__callStatic('session', [])
11 APPPATH/Config/Globals.php(120): Config\Globals::setGlobals()
12 SYSTEMPATH/Autoloader/Autoloader.php(312): include_once('/Applications/XAMPP/xamppfiles/htdocs/news/app/Config/Globals.php')
13 SYSTEMPATH/Autoloader/Autoloader.php(289): CodeIgniter\Autoloader\Autoloader->includeFile('/Applications/XAMPP/xamppfiles/htdocs/news/app/Config/Globals.php')
14 SYSTEMPATH/Autoloader/Autoloader.php(267): CodeIgniter\Autoloader\Autoloader->loadInNamespace('Config\\Globals')
15 APPPATH/Config/Routes.php(7): CodeIgniter\Autoloader\Autoloader->loadClass('Config\\Globals')
16 SYSTEMPATH/Router/RouteCollection.php(267): require('/Applications/XAMPP/xamppfiles/htdocs/news/app/Config/Routes.php')
17 SYSTEMPATH/CodeIgniter.php(800): CodeIgniter\Router\RouteCollection->loadRoutes()
18 SYSTEMPATH/CodeIgniter.php(447): CodeIgniter\CodeIgniter->tryToRouteIt(null)
19 SYSTEMPATH/CodeIgniter.php(366): CodeIgniter\CodeIgniter->handleRequest(null, Object(Config\Cache), false)
20 FCPATH/index.php(77): CodeIgniter\CodeIgniter->run()
ERROR - 2025-06-26 07:25:24 --> Error connecting to the database: mysqli_sql_exception: Access denied for user 'u575370958_Raghu'@'localhost' (using password: YES) in /Applications/XAMPP/xamppfiles/htdocs/news/system/Database/MySQLi/Connection.php:173
Stack trace:
#0 /Applications/XAMPP/xamppfiles/htdocs/news/system/Database/MySQLi/Connection.php(173): mysqli->real_connect('localhost', 'u575370958_Ragh...', Object(SensitiveParameterValue), 'u575370958_Ragh...', 3306, '', 0)
#1 /Applications/XAMPP/xamppfiles/htdocs/news/system/Database/BaseConnection.php(391): CodeIgniter\Database\MySQLi\Connection->connect(false)
#2 /Applications/XAMPP/xamppfiles/htdocs/news/system/Session/Handlers/DatabaseHandler.php(109): CodeIgniter\Database\BaseConnection->initialize()
#3 [internal function]: CodeIgniter\Session\Handlers\DatabaseHandler->open('ci_sessions', 'vr_session')
#4 /Applications/XAMPP/xamppfiles/htdocs/news/system/Session/Session.php(920): session_start()
#5 /Applications/XAMPP/xamppfiles/htdocs/news/system/Session/Session.php(250): CodeIgniter\Session\Session->startSession()
#6 /Applications/XAMPP/xamppfiles/htdocs/news/system/Config/Services.php(674): CodeIgniter\Session\Session->start()
#7 /Applications/XAMPP/xamppfiles/htdocs/news/system/Config/BaseService.php(252): CodeIgniter\Config\Services::session(Object(Config\App), false)
#8 /Applications/XAMPP/xamppfiles/htdocs/news/system/Config/BaseService.php(193): CodeIgniter\Config\BaseService::__callStatic('session', Array)
#9 /Applications/XAMPP/xamppfiles/htdocs/news/system/Config/Services.php(641): CodeIgniter\Config\BaseService::getSharedInstance('session', NULL)
#10 /Applications/XAMPP/xamppfiles/htdocs/news/system/Config/BaseService.php(252): CodeIgniter\Config\Services::session()
#11 /Applications/XAMPP/xamppfiles/htdocs/news/app/Config/Globals.php(29): CodeIgniter\Config\BaseService::__callStatic('session', Array)
#12 /Applications/XAMPP/xamppfiles/htdocs/news/app/Config/Globals.php(120): Config\Globals::setGlobals()
#13 /Applications/XAMPP/xamppfiles/htdocs/news/system/Autoloader/Autoloader.php(312): include_once('/Applications/X...')
#14 /Applications/XAMPP/xamppfiles/htdocs/news/system/Autoloader/Autoloader.php(289): CodeIgniter\Autoloader\Autoloader->includeFile('/Applications/X...')
#15 /Applications/XAMPP/xamppfiles/htdocs/news/system/Autoloader/Autoloader.php(267): CodeIgniter\Autoloader\Autoloader->loadInNamespace('Config\\Globals')
#16 /Applications/XAMPP/xamppfiles/htdocs/news/app/Config/Routes.php(7): CodeIgniter\Autoloader\Autoloader->loadClass('Config\\Globals')
#17 /Applications/XAMPP/xamppfiles/htdocs/news/system/Router/RouteCollection.php(267): require('/Applications/X...')
#18 /Applications/XAMPP/xamppfiles/htdocs/news/system/CodeIgniter.php(800): CodeIgniter\Router\RouteCollection->loadRoutes()
#19 /Applications/XAMPP/xamppfiles/htdocs/news/system/CodeIgniter.php(447): CodeIgniter\CodeIgniter->tryToRouteIt(NULL)
#20 /Applications/XAMPP/xamppfiles/htdocs/news/system/CodeIgniter.php(366): CodeIgniter\CodeIgniter->handleRequest(NULL, Object(Config\Cache), false)
#21 /Applications/XAMPP/xamppfiles/htdocs/news/index.php(77): CodeIgniter\CodeIgniter->run()
#22 {main}

Next CodeIgniter\Database\Exceptions\DatabaseException: Access denied for user '****'@'localhost' (using password: YES) in /Applications/XAMPP/xamppfiles/htdocs/news/system/Database/MySQLi/Connection.php:218
Stack trace:
#0 /Applications/XAMPP/xamppfiles/htdocs/news/system/Database/BaseConnection.php(391): CodeIgniter\Database\MySQLi\Connection->connect(false)
#1 /Applications/XAMPP/xamppfiles/htdocs/news/system/Session/Handlers/DatabaseHandler.php(109): CodeIgniter\Database\BaseConnection->initialize()
#2 [internal function]: CodeIgniter\Session\Handlers\DatabaseHandler->open('ci_sessions', 'vr_session')
#3 /Applications/XAMPP/xamppfiles/htdocs/news/system/Session/Session.php(920): session_start()
#4 /Applications/XAMPP/xamppfiles/htdocs/news/system/Session/Session.php(250): CodeIgniter\Session\Session->startSession()
#5 /Applications/XAMPP/xamppfiles/htdocs/news/system/Config/Services.php(674): CodeIgniter\Session\Session->start()
#6 /Applications/XAMPP/xamppfiles/htdocs/news/system/Config/BaseService.php(252): CodeIgniter\Config\Services::session(Object(Config\App), false)
#7 /Applications/XAMPP/xamppfiles/htdocs/news/system/Config/BaseService.php(193): CodeIgniter\Config\BaseService::__callStatic('session', Array)
#8 /Applications/XAMPP/xamppfiles/htdocs/news/system/Config/Services.php(641): CodeIgniter\Config\BaseService::getSharedInstance('session', NULL)
#9 /Applications/XAMPP/xamppfiles/htdocs/news/system/Config/BaseService.php(252): CodeIgniter\Config\Services::session()
#10 /Applications/XAMPP/xamppfiles/htdocs/news/app/Config/Globals.php(29): CodeIgniter\Config\BaseService::__callStatic('session', Array)
#11 /Applications/XAMPP/xamppfiles/htdocs/news/app/Config/Globals.php(120): Config\Globals::setGlobals()
#12 /Applications/XAMPP/xamppfiles/htdocs/news/system/Autoloader/Autoloader.php(312): include_once('/Applications/X...')
#13 /Applications/XAMPP/xamppfiles/htdocs/news/system/Autoloader/Autoloader.php(289): CodeIgniter\Autoloader\Autoloader->includeFile('/Applications/X...')
#14 /Applications/XAMPP/xamppfiles/htdocs/news/system/Autoloader/Autoloader.php(267): CodeIgniter\Autoloader\Autoloader->loadInNamespace('Config\\Globals')
#15 /Applications/XAMPP/xamppfiles/htdocs/news/app/Config/Routes.php(7): CodeIgniter\Autoloader\Autoloader->loadClass('Config\\Globals')
#16 /Applications/XAMPP/xamppfiles/htdocs/news/system/Router/RouteCollection.php(267): require('/Applications/X...')
#17 /Applications/XAMPP/xamppfiles/htdocs/news/system/CodeIgniter.php(800): CodeIgniter\Router\RouteCollection->loadRoutes()
#18 /Applications/XAMPP/xamppfiles/htdocs/news/system/CodeIgniter.php(447): CodeIgniter\CodeIgniter->tryToRouteIt(NULL)
#19 /Applications/XAMPP/xamppfiles/htdocs/news/system/CodeIgniter.php(366): CodeIgniter\CodeIgniter->handleRequest(NULL, Object(Config\Cache), false)
#20 /Applications/XAMPP/xamppfiles/htdocs/news/index.php(77): CodeIgniter\CodeIgniter->run()
#21 {main}
CRITICAL - 2025-06-26 07:25:24 --> Unable to connect to the database.
Main connection [MySQLi]: Access denied for user '****'@'localhost' (using password: YES)
in SYSTEMPATH/Database/BaseConnection.php on line 427.
 1 SYSTEMPATH/Session/Handlers/DatabaseHandler.php(109): CodeIgniter\Database\BaseConnection->initialize()
 2 [internal function]: CodeIgniter\Session\Handlers\DatabaseHandler->open('ci_sessions', 'vr_session')
 3 SYSTEMPATH/Session/Session.php(920): session_start()
 4 SYSTEMPATH/Session/Session.php(250): CodeIgniter\Session\Session->startSession()
 5 SYSTEMPATH/Config/Services.php(674): CodeIgniter\Session\Session->start()
 6 SYSTEMPATH/Config/BaseService.php(252): CodeIgniter\Config\Services::session(Object(Config\App), false)
 7 SYSTEMPATH/Config/BaseService.php(193): CodeIgniter\Config\BaseService::__callStatic('session', [...])
 8 SYSTEMPATH/Config/Services.php(641): CodeIgniter\Config\BaseService::getSharedInstance('session', null)
 9 SYSTEMPATH/Config/BaseService.php(252): CodeIgniter\Config\Services::session()
10 APPPATH/Config/Globals.php(29): CodeIgniter\Config\BaseService::__callStatic('session', [])
11 APPPATH/Config/Globals.php(120): Config\Globals::setGlobals()
12 SYSTEMPATH/Autoloader/Autoloader.php(312): include_once('/Applications/XAMPP/xamppfiles/htdocs/news/app/Config/Globals.php')
13 SYSTEMPATH/Autoloader/Autoloader.php(289): CodeIgniter\Autoloader\Autoloader->includeFile('/Applications/XAMPP/xamppfiles/htdocs/news/app/Config/Globals.php')
14 SYSTEMPATH/Autoloader/Autoloader.php(267): CodeIgniter\Autoloader\Autoloader->loadInNamespace('Config\\Globals')
15 APPPATH/Config/Routes.php(7): CodeIgniter\Autoloader\Autoloader->loadClass('Config\\Globals')
16 SYSTEMPATH/Router/RouteCollection.php(267): require('/Applications/XAMPP/xamppfiles/htdocs/news/app/Config/Routes.php')
17 SYSTEMPATH/CodeIgniter.php(800): CodeIgniter\Router\RouteCollection->loadRoutes()
18 SYSTEMPATH/CodeIgniter.php(447): CodeIgniter\CodeIgniter->tryToRouteIt(null)
19 SYSTEMPATH/CodeIgniter.php(366): CodeIgniter\CodeIgniter->handleRequest(null, Object(Config\Cache), false)
20 FCPATH/index.php(77): CodeIgniter\CodeIgniter->run()
INFO - 2025-06-26 07:26:36 --> Session: Class initialized using 'CodeIgniter\Session\Handlers\DatabaseHandler' driver.
INFO - 2025-06-26 07:26:45 --> Session: Class initialized using 'CodeIgniter\Session\Handlers\DatabaseHandler' driver.
INFO - 2025-06-26 07:27:28 --> Session: Class initialized using 'CodeIgniter\Session\Handlers\DatabaseHandler' driver.
INFO - 2025-06-26 07:29:43 --> Session: Class initialized using 'CodeIgniter\Session\Handlers\DatabaseHandler' driver.
INFO - 2025-06-26 07:31:34 --> Session: Class initialized using 'CodeIgniter\Session\Handlers\DatabaseHandler' driver.
INFO - 2025-06-26 07:31:45 --> Session: Class initialized using 'CodeIgniter\Session\Handlers\DatabaseHandler' driver.
INFO - 2025-06-26 07:34:37 --> Session: Class initialized using 'CodeIgniter\Session\Handlers\DatabaseHandler' driver.
INFO - 2025-06-26 07:34:41 --> Session: Class initialized using 'CodeIgniter\Session\Handlers\DatabaseHandler' driver.
INFO - 2025-06-26 07:34:41 --> Session: Class initialized using 'CodeIgniter\Session\Handlers\DatabaseHandler' driver.
INFO - 2025-06-26 07:34:41 --> Session: Class initialized using 'CodeIgniter\Session\Handlers\DatabaseHandler' driver.
INFO - 2025-06-26 07:35:01 --> Session: Class initialized using 'CodeIgniter\Session\Handlers\DatabaseHandler' driver.
INFO - 2025-06-26 16:35:01 --> CSRF token verified.
INFO - 2025-06-26 07:35:01 --> Session: Class initialized using 'CodeIgniter\Session\Handlers\DatabaseHandler' driver.
INFO - 2025-06-26 07:39:42 --> Session: Class initialized using 'CodeIgniter\Session\Handlers\DatabaseHandler' driver.
INFO - 2025-06-26 07:39:49 --> Session: Class initialized using 'CodeIgniter\Session\Handlers\DatabaseHandler' driver.
INFO - 2025-06-26 07:39:50 --> Session: Class initialized using 'CodeIgniter\Session\Handlers\DatabaseHandler' driver.
INFO - 2025-06-26 07:39:57 --> Session: Class initialized using 'CodeIgniter\Session\Handlers\DatabaseHandler' driver.
INFO - 2025-06-26 07:40:06 --> Session: Class initialized using 'CodeIgniter\Session\Handlers\DatabaseHandler' driver.
INFO - 2025-06-26 07:40:34 --> Session: Class initialized using 'CodeIgniter\Session\Handlers\DatabaseHandler' driver.
INFO - 2025-06-26 07:40:39 --> Session: Class initialized using 'CodeIgniter\Session\Handlers\DatabaseHandler' driver.
INFO - 2025-06-26 07:41:16 --> Session: Class initialized using 'CodeIgniter\Session\Handlers\DatabaseHandler' driver.
INFO - 2025-06-26 07:41:29 --> Session: Class initialized using 'CodeIgniter\Session\Handlers\DatabaseHandler' driver.
INFO - 2025-06-26 07:41:36 --> Session: Class initialized using 'CodeIgniter\Session\Handlers\DatabaseHandler' driver.
INFO - 2025-06-26 07:41:36 --> Session: Class initialized using 'CodeIgniter\Session\Handlers\DatabaseHandler' driver.
INFO - 2025-06-26 07:41:37 --> Session: Class initialized using 'CodeIgniter\Session\Handlers\DatabaseHandler' driver.
INFO - 2025-06-26 07:41:39 --> Session: Class initialized using 'CodeIgniter\Session\Handlers\DatabaseHandler' driver.
INFO - 2025-06-26 07:41:39 --> Session: Class initialized using 'CodeIgniter\Session\Handlers\DatabaseHandler' driver.
INFO - 2025-06-26 07:41:40 --> Session: Class initialized using 'CodeIgniter\Session\Handlers\DatabaseHandler' driver.
INFO - 2025-06-26 07:41:47 --> Session: Class initialized using 'CodeIgniter\Session\Handlers\DatabaseHandler' driver.
INFO - 2025-06-26 07:41:49 --> Session: Class initialized using 'CodeIgniter\Session\Handlers\DatabaseHandler' driver.
INFO - 2025-06-26 07:41:53 --> Session: Class initialized using 'CodeIgniter\Session\Handlers\DatabaseHandler' driver.
INFO - 2025-06-26 07:42:00 --> Session: Class initialized using 'CodeIgniter\Session\Handlers\DatabaseHandler' driver.
INFO - 2025-06-26 07:42:00 --> Session: Class initialized using 'CodeIgniter\Session\Handlers\DatabaseHandler' driver.
INFO - 2025-06-26 07:42:09 --> Session: Class initialized using 'CodeIgniter\Session\Handlers\DatabaseHandler' driver.
INFO - 2025-06-26 16:42:09 --> CSRF token verified.
INFO - 2025-06-26 07:42:09 --> Session: Class initialized using 'CodeIgniter\Session\Handlers\DatabaseHandler' driver.
INFO - 2025-06-26 07:42:09 --> Session: Class initialized using 'CodeIgniter\Session\Handlers\DatabaseHandler' driver.
INFO - 2025-06-26 08:12:04 --> Session: Class initialized using 'CodeIgniter\Session\Handlers\DatabaseHandler' driver.
INFO - 2025-06-26 08:13:19 --> Session: Class initialized using 'CodeIgniter\Session\Handlers\DatabaseHandler' driver.
INFO - 2025-06-26 08:13:27 --> Session: Class initialized using 'CodeIgniter\Session\Handlers\DatabaseHandler' driver.
INFO - 2025-06-26 08:13:27 --> Session: Class initialized using 'CodeIgniter\Session\Handlers\DatabaseHandler' driver.
INFO - 2025-06-26 08:13:39 --> Session: Class initialized using 'CodeIgniter\Session\Handlers\DatabaseHandler' driver.
INFO - 2025-06-26 08:13:53 --> Session: Class initialized using 'CodeIgniter\Session\Handlers\DatabaseHandler' driver.
INFO - 2025-06-26 08:14:27 --> Session: Class initialized using 'CodeIgniter\Session\Handlers\DatabaseHandler' driver.
INFO - 2025-06-26 08:14:27 --> Session: Class initialized using 'CodeIgniter\Session\Handlers\DatabaseHandler' driver.
INFO - 2025-06-26 08:14:34 --> Session: Class initialized using 'CodeIgniter\Session\Handlers\DatabaseHandler' driver.
INFO - 2025-06-26 08:14:39 --> Session: Class initialized using 'CodeIgniter\Session\Handlers\DatabaseHandler' driver.
INFO - 2025-06-26 08:14:39 --> Session: Class initialized using 'CodeIgniter\Session\Handlers\DatabaseHandler' driver.
INFO - 2025-06-26 08:16:03 --> Session: Class initialized using 'CodeIgniter\Session\Handlers\DatabaseHandler' driver.
INFO - 2025-06-26 08:16:04 --> Session: Class initialized using 'CodeIgniter\Session\Handlers\DatabaseHandler' driver.
INFO - 2025-06-26 08:16:37 --> Session: Class initialized using 'CodeIgniter\Session\Handlers\DatabaseHandler' driver.
INFO - 2025-06-26 08:16:37 --> Session: Class initialized using 'CodeIgniter\Session\Handlers\DatabaseHandler' driver.
INFO - 2025-06-26 08:16:49 --> Session: Class initialized using 'CodeIgniter\Session\Handlers\DatabaseHandler' driver.
INFO - 2025-06-26 08:16:50 --> Session: Class initialized using 'CodeIgniter\Session\Handlers\DatabaseHandler' driver.
INFO - 2025-06-26 08:17:01 --> Session: Class initialized using 'CodeIgniter\Session\Handlers\DatabaseHandler' driver.
INFO - 2025-06-26 08:17:05 --> Session: Class initialized using 'CodeIgniter\Session\Handlers\DatabaseHandler' driver.
INFO - 2025-06-26 08:17:14 --> Session: Class initialized using 'CodeIgniter\Session\Handlers\DatabaseHandler' driver.
INFO - 2025-06-26 08:17:20 --> Session: Class initialized using 'CodeIgniter\Session\Handlers\DatabaseHandler' driver.
INFO - 2025-06-26 08:17:22 --> Session: Class initialized using 'CodeIgniter\Session\Handlers\DatabaseHandler' driver.
INFO - 2025-06-26 17:17:22 --> CSRF token verified.
INFO - 2025-06-26 08:17:22 --> Session: Class initialized using 'CodeIgniter\Session\Handlers\DatabaseHandler' driver.
INFO - 2025-06-26 08:17:28 --> Session: Class initialized using 'CodeIgniter\Session\Handlers\DatabaseHandler' driver.
INFO - 2025-06-26 08:18:01 --> Session: Class initialized using 'CodeIgniter\Session\Handlers\DatabaseHandler' driver.
INFO - 2025-06-26 08:19:16 --> Session: Class initialized using 'CodeIgniter\Session\Handlers\DatabaseHandler' driver.
CRITICAL - 2025-06-26 17:19:16 --> Undefined property: stdClass::$plans
in APPPATH/Views/admin/users/edit_role.php on line 157.
 1 APPPATH/Views/admin/users/edit_role.php(157): CodeIgniter\Debug\Exceptions->errorHandler(2, 'Undefined property: stdClass::$plans', '/Applications/XAMPP/xamppfiles/htdocs/news/app/Views/admin/users/edit_role.php', 157)
 2 SYSTEMPATH/View/View.php(224): include('/Applications/XAMPP/xamppfiles/htdocs/news/app/Views/admin/users/edit_role.php')
 3 SYSTEMPATH/View/View.php(227): CodeIgniter\View\View->CodeIgniter\View\{closure}()
 4 SYSTEMPATH/Common.php(1180): CodeIgniter\View\View->render('admin/users/edit_role', [], true)
 5 APPPATH/Controllers/AdminController.php(1156): view('admin/users/edit_role', [...])
 6 SYSTEMPATH/CodeIgniter.php(932): App\Controllers\AdminController->editRole('2')
 7 SYSTEMPATH/CodeIgniter.php(497): CodeIgniter\CodeIgniter->runController(Object(App\Controllers\AdminController))
 8 SYSTEMPATH/CodeIgniter.php(366): CodeIgniter\CodeIgniter->handleRequest(null, Object(Config\Cache), false)
 9 FCPATH/index.php(77): CodeIgniter\CodeIgniter->run()
INFO - 2025-06-26 08:19:21 --> Session: Class initialized using 'CodeIgniter\Session\Handlers\DatabaseHandler' driver.
CRITICAL - 2025-06-26 17:19:21 --> Undefined property: stdClass::$plans
in APPPATH/Views/admin/users/edit_role.php on line 157.
 1 APPPATH/Views/admin/users/edit_role.php(157): CodeIgniter\Debug\Exceptions->errorHandler(2, 'Undefined property: stdClass::$plans', '/Applications/XAMPP/xamppfiles/htdocs/news/app/Views/admin/users/edit_role.php', 157)
 2 SYSTEMPATH/View/View.php(224): include('/Applications/XAMPP/xamppfiles/htdocs/news/app/Views/admin/users/edit_role.php')
 3 SYSTEMPATH/View/View.php(227): CodeIgniter\View\View->CodeIgniter\View\{closure}()
 4 SYSTEMPATH/Common.php(1180): CodeIgniter\View\View->render('admin/users/edit_role', [], true)
 5 APPPATH/Controllers/AdminController.php(1156): view('admin/users/edit_role', [...])
 6 SYSTEMPATH/CodeIgniter.php(932): App\Controllers\AdminController->editRole('2')
 7 SYSTEMPATH/CodeIgniter.php(497): CodeIgniter\CodeIgniter->runController(Object(App\Controllers\AdminController))
 8 SYSTEMPATH/CodeIgniter.php(366): CodeIgniter\CodeIgniter->handleRequest(null, Object(Config\Cache), false)
 9 FCPATH/index.php(77): CodeIgniter\CodeIgniter->run()
INFO - 2025-06-26 08:19:22 --> Session: Class initialized using 'CodeIgniter\Session\Handlers\DatabaseHandler' driver.
CRITICAL - 2025-06-26 17:19:22 --> Undefined property: stdClass::$plans
in APPPATH/Views/admin/users/edit_role.php on line 157.
 1 APPPATH/Views/admin/users/edit_role.php(157): CodeIgniter\Debug\Exceptions->errorHandler(2, 'Undefined property: stdClass::$plans', '/Applications/XAMPP/xamppfiles/htdocs/news/app/Views/admin/users/edit_role.php', 157)
 2 SYSTEMPATH/View/View.php(224): include('/Applications/XAMPP/xamppfiles/htdocs/news/app/Views/admin/users/edit_role.php')
 3 SYSTEMPATH/View/View.php(227): CodeIgniter\View\View->CodeIgniter\View\{closure}()
 4 SYSTEMPATH/Common.php(1180): CodeIgniter\View\View->render('admin/users/edit_role', [], true)
 5 APPPATH/Controllers/AdminController.php(1156): view('admin/users/edit_role', [...])
 6 SYSTEMPATH/CodeIgniter.php(932): App\Controllers\AdminController->editRole('2')
 7 SYSTEMPATH/CodeIgniter.php(497): CodeIgniter\CodeIgniter->runController(Object(App\Controllers\AdminController))
 8 SYSTEMPATH/CodeIgniter.php(366): CodeIgniter\CodeIgniter->handleRequest(null, Object(Config\Cache), false)
 9 FCPATH/index.php(77): CodeIgniter\CodeIgniter->run()
INFO - 2025-06-26 08:19:49 --> Session: Class initialized using 'CodeIgniter\Session\Handlers\DatabaseHandler' driver.
CRITICAL - 2025-06-26 17:19:49 --> Undefined property: stdClass::$plans
in APPPATH/Views/admin/users/edit_role.php on line 157.
 1 APPPATH/Views/admin/users/edit_role.php(157): CodeIgniter\Debug\Exceptions->errorHandler(2, 'Undefined property: stdClass::$plans', '/Applications/XAMPP/xamppfiles/htdocs/news/app/Views/admin/users/edit_role.php', 157)
 2 SYSTEMPATH/View/View.php(224): include('/Applications/XAMPP/xamppfiles/htdocs/news/app/Views/admin/users/edit_role.php')
 3 SYSTEMPATH/View/View.php(227): CodeIgniter\View\View->CodeIgniter\View\{closure}()
 4 SYSTEMPATH/Common.php(1180): CodeIgniter\View\View->render('admin/users/edit_role', [], true)
 5 APPPATH/Controllers/AdminController.php(1156): view('admin/users/edit_role', [...])
 6 SYSTEMPATH/CodeIgniter.php(932): App\Controllers\AdminController->editRole('2')
 7 SYSTEMPATH/CodeIgniter.php(497): CodeIgniter\CodeIgniter->runController(Object(App\Controllers\AdminController))
 8 SYSTEMPATH/CodeIgniter.php(366): CodeIgniter\CodeIgniter->handleRequest(null, Object(Config\Cache), false)
 9 FCPATH/index.php(77): CodeIgniter\CodeIgniter->run()
INFO - 2025-06-26 08:20:33 --> Session: Class initialized using 'CodeIgniter\Session\Handlers\DatabaseHandler' driver.
CRITICAL - 2025-06-26 17:20:33 --> Undefined property: stdClass::$plans
in APPPATH/Views/admin/users/edit_role.php on line 157.
 1 APPPATH/Views/admin/users/edit_role.php(157): CodeIgniter\Debug\Exceptions->errorHandler(2, 'Undefined property: stdClass::$plans', '/Applications/XAMPP/xamppfiles/htdocs/news/app/Views/admin/users/edit_role.php', 157)
 2 SYSTEMPATH/View/View.php(224): include('/Applications/XAMPP/xamppfiles/htdocs/news/app/Views/admin/users/edit_role.php')
 3 SYSTEMPATH/View/View.php(227): CodeIgniter\View\View->CodeIgniter\View\{closure}()
 4 SYSTEMPATH/Common.php(1180): CodeIgniter\View\View->render('admin/users/edit_role', [], true)
 5 APPPATH/Controllers/AdminController.php(1156): view('admin/users/edit_role', [...])
 6 SYSTEMPATH/CodeIgniter.php(932): App\Controllers\AdminController->editRole('2')
 7 SYSTEMPATH/CodeIgniter.php(497): CodeIgniter\CodeIgniter->runController(Object(App\Controllers\AdminController))
 8 SYSTEMPATH/CodeIgniter.php(366): CodeIgniter\CodeIgniter->handleRequest(null, Object(Config\Cache), false)
 9 FCPATH/index.php(77): CodeIgniter\CodeIgniter->run()
INFO - 2025-06-26 08:20:35 --> Session: Class initialized using 'CodeIgniter\Session\Handlers\DatabaseHandler' driver.
CRITICAL - 2025-06-26 17:20:35 --> Undefined property: stdClass::$plans
in APPPATH/Views/admin/users/edit_role.php on line 157.
 1 APPPATH/Views/admin/users/edit_role.php(157): CodeIgniter\Debug\Exceptions->errorHandler(2, 'Undefined property: stdClass::$plans', '/Applications/XAMPP/xamppfiles/htdocs/news/app/Views/admin/users/edit_role.php', 157)
 2 SYSTEMPATH/View/View.php(224): include('/Applications/XAMPP/xamppfiles/htdocs/news/app/Views/admin/users/edit_role.php')
 3 SYSTEMPATH/View/View.php(227): CodeIgniter\View\View->CodeIgniter\View\{closure}()
 4 SYSTEMPATH/Common.php(1180): CodeIgniter\View\View->render('admin/users/edit_role', [], true)
 5 APPPATH/Controllers/AdminController.php(1156): view('admin/users/edit_role', [...])
 6 SYSTEMPATH/CodeIgniter.php(932): App\Controllers\AdminController->editRole('2')
 7 SYSTEMPATH/CodeIgniter.php(497): CodeIgniter\CodeIgniter->runController(Object(App\Controllers\AdminController))
 8 SYSTEMPATH/CodeIgniter.php(366): CodeIgniter\CodeIgniter->handleRequest(null, Object(Config\Cache), false)
 9 FCPATH/index.php(77): CodeIgniter\CodeIgniter->run()
INFO - 2025-06-26 08:20:38 --> Session: Class initialized using 'CodeIgniter\Session\Handlers\DatabaseHandler' driver.
INFO - 2025-06-26 08:20:40 --> Session: Class initialized using 'CodeIgniter\Session\Handlers\DatabaseHandler' driver.
INFO - 2025-06-26 08:20:43 --> Session: Class initialized using 'CodeIgniter\Session\Handlers\DatabaseHandler' driver.
INFO - 2025-06-26 08:20:43 --> Session: Class initialized using 'CodeIgniter\Session\Handlers\DatabaseHandler' driver.
INFO - 2025-06-26 08:21:27 --> Session: Class initialized using 'CodeIgniter\Session\Handlers\DatabaseHandler' driver.
INFO - 2025-06-26 08:21:33 --> Session: Class initialized using 'CodeIgniter\Session\Handlers\DatabaseHandler' driver.
INFO - 2025-06-26 08:21:33 --> Session: Class initialized using 'CodeIgniter\Session\Handlers\DatabaseHandler' driver.
INFO - 2025-06-26 08:21:36 --> Session: Class initialized using 'CodeIgniter\Session\Handlers\DatabaseHandler' driver.
INFO - 2025-06-26 08:21:36 --> Session: Class initialized using 'CodeIgniter\Session\Handlers\DatabaseHandler' driver.
INFO - 2025-06-26 08:21:44 --> Session: Class initialized using 'CodeIgniter\Session\Handlers\DatabaseHandler' driver.
CRITICAL - 2025-06-26 17:21:44 --> Undefined property: stdClass::$plans
in APPPATH/Views/admin/users/roles_permissions.php on line 73.
 1 APPPATH/Views/admin/users/roles_permissions.php(73): CodeIgniter\Debug\Exceptions->errorHandler(2, 'Undefined property: stdClass::$plans', '/Applications/XAMPP/xamppfiles/htdocs/news/app/Views/admin/users/roles_permissions.php', 73)
 2 SYSTEMPATH/View/View.php(224): include('/Applications/XAMPP/xamppfiles/htdocs/news/app/Views/admin/users/roles_permissions.php')
 3 SYSTEMPATH/View/View.php(227): CodeIgniter\View\View->CodeIgniter\View\{closure}()
 4 SYSTEMPATH/Common.php(1180): CodeIgniter\View\View->render('admin/users/roles_permissions', [], true)
 5 APPPATH/Controllers/AdminController.php(1139): view('admin/users/roles_permissions')
 6 SYSTEMPATH/CodeIgniter.php(932): App\Controllers\AdminController->rolesPermissions()
 7 SYSTEMPATH/CodeIgniter.php(497): CodeIgniter\CodeIgniter->runController(Object(App\Controllers\AdminController))
 8 SYSTEMPATH/CodeIgniter.php(366): CodeIgniter\CodeIgniter->handleRequest(null, Object(Config\Cache), false)
 9 FCPATH/index.php(77): CodeIgniter\CodeIgniter->run()
INFO - 2025-06-26 08:21:46 --> Session: Class initialized using 'CodeIgniter\Session\Handlers\DatabaseHandler' driver.
CRITICAL - 2025-06-26 17:21:46 --> Undefined property: stdClass::$plans
in APPPATH/Views/admin/users/roles_permissions.php on line 73.
 1 APPPATH/Views/admin/users/roles_permissions.php(73): CodeIgniter\Debug\Exceptions->errorHandler(2, 'Undefined property: stdClass::$plans', '/Applications/XAMPP/xamppfiles/htdocs/news/app/Views/admin/users/roles_permissions.php', 73)
 2 SYSTEMPATH/View/View.php(224): include('/Applications/XAMPP/xamppfiles/htdocs/news/app/Views/admin/users/roles_permissions.php')
 3 SYSTEMPATH/View/View.php(227): CodeIgniter\View\View->CodeIgniter\View\{closure}()
 4 SYSTEMPATH/Common.php(1180): CodeIgniter\View\View->render('admin/users/roles_permissions', [], true)
 5 APPPATH/Controllers/AdminController.php(1139): view('admin/users/roles_permissions')
 6 SYSTEMPATH/CodeIgniter.php(932): App\Controllers\AdminController->rolesPermissions()
 7 SYSTEMPATH/CodeIgniter.php(497): CodeIgniter\CodeIgniter->runController(Object(App\Controllers\AdminController))
 8 SYSTEMPATH/CodeIgniter.php(366): CodeIgniter\CodeIgniter->handleRequest(null, Object(Config\Cache), false)
 9 FCPATH/index.php(77): CodeIgniter\CodeIgniter->run()
INFO - 2025-06-26 08:22:18 --> Session: Class initialized using 'CodeIgniter\Session\Handlers\DatabaseHandler' driver.
CRITICAL - 2025-06-26 17:22:19 --> Undefined property: stdClass::$plans
in APPPATH/Views/admin/users/roles_permissions.php on line 73.
 1 APPPATH/Views/admin/users/roles_permissions.php(73): CodeIgniter\Debug\Exceptions->errorHandler(2, 'Undefined property: stdClass::$plans', '/Applications/XAMPP/xamppfiles/htdocs/news/app/Views/admin/users/roles_permissions.php', 73)
 2 SYSTEMPATH/View/View.php(224): include('/Applications/XAMPP/xamppfiles/htdocs/news/app/Views/admin/users/roles_permissions.php')
 3 SYSTEMPATH/View/View.php(227): CodeIgniter\View\View->CodeIgniter\View\{closure}()
 4 SYSTEMPATH/Common.php(1180): CodeIgniter\View\View->render('admin/users/roles_permissions', [], true)
 5 APPPATH/Controllers/AdminController.php(1139): view('admin/users/roles_permissions')
 6 SYSTEMPATH/CodeIgniter.php(932): App\Controllers\AdminController->rolesPermissions()
 7 SYSTEMPATH/CodeIgniter.php(497): CodeIgniter\CodeIgniter->runController(Object(App\Controllers\AdminController))
 8 SYSTEMPATH/CodeIgniter.php(366): CodeIgniter\CodeIgniter->handleRequest(null, Object(Config\Cache), false)
 9 FCPATH/index.php(77): CodeIgniter\CodeIgniter->run()
INFO - 2025-06-26 08:22:25 --> Session: Class initialized using 'CodeIgniter\Session\Handlers\DatabaseHandler' driver.
INFO - 2025-06-26 08:22:25 --> Session: Class initialized using 'CodeIgniter\Session\Handlers\DatabaseHandler' driver.
INFO - 2025-06-26 08:22:27 --> Session: Class initialized using 'CodeIgniter\Session\Handlers\DatabaseHandler' driver.
CRITICAL - 2025-06-26 17:22:27 --> Undefined property: stdClass::$plans
in APPPATH/Views/admin/users/roles_permissions.php on line 73.
 1 APPPATH/Views/admin/users/roles_permissions.php(73): CodeIgniter\Debug\Exceptions->errorHandler(2, 'Undefined property: stdClass::$plans', '/Applications/XAMPP/xamppfiles/htdocs/news/app/Views/admin/users/roles_permissions.php', 73)
 2 SYSTEMPATH/View/View.php(224): include('/Applications/XAMPP/xamppfiles/htdocs/news/app/Views/admin/users/roles_permissions.php')
 3 SYSTEMPATH/View/View.php(227): CodeIgniter\View\View->CodeIgniter\View\{closure}()
 4 SYSTEMPATH/Common.php(1180): CodeIgniter\View\View->render('admin/users/roles_permissions', [], true)
 5 APPPATH/Controllers/AdminController.php(1139): view('admin/users/roles_permissions')
 6 SYSTEMPATH/CodeIgniter.php(932): App\Controllers\AdminController->rolesPermissions()
 7 SYSTEMPATH/CodeIgniter.php(497): CodeIgniter\CodeIgniter->runController(Object(App\Controllers\AdminController))
 8 SYSTEMPATH/CodeIgniter.php(366): CodeIgniter\CodeIgniter->handleRequest(null, Object(Config\Cache), false)
 9 FCPATH/index.php(77): CodeIgniter\CodeIgniter->run()
INFO - 2025-06-26 08:22:33 --> Session: Class initialized using 'CodeIgniter\Session\Handlers\DatabaseHandler' driver.
CRITICAL - 2025-06-26 17:22:33 --> Undefined property: stdClass::$plans
in APPPATH/Views/admin/users/roles_permissions.php on line 73.
 1 APPPATH/Views/admin/users/roles_permissions.php(73): CodeIgniter\Debug\Exceptions->errorHandler(2, 'Undefined property: stdClass::$plans', '/Applications/XAMPP/xamppfiles/htdocs/news/app/Views/admin/users/roles_permissions.php', 73)
 2 SYSTEMPATH/View/View.php(224): include('/Applications/XAMPP/xamppfiles/htdocs/news/app/Views/admin/users/roles_permissions.php')
 3 SYSTEMPATH/View/View.php(227): CodeIgniter\View\View->CodeIgniter\View\{closure}()
 4 SYSTEMPATH/Common.php(1180): CodeIgniter\View\View->render('admin/users/roles_permissions', [], true)
 5 APPPATH/Controllers/AdminController.php(1139): view('admin/users/roles_permissions')
 6 SYSTEMPATH/CodeIgniter.php(932): App\Controllers\AdminController->rolesPermissions()
 7 SYSTEMPATH/CodeIgniter.php(497): CodeIgniter\CodeIgniter->runController(Object(App\Controllers\AdminController))
 8 SYSTEMPATH/CodeIgniter.php(366): CodeIgniter\CodeIgniter->handleRequest(null, Object(Config\Cache), false)
 9 FCPATH/index.php(77): CodeIgniter\CodeIgniter->run()
INFO - 2025-06-26 08:23:17 --> Session: Class initialized using 'CodeIgniter\Session\Handlers\DatabaseHandler' driver.
INFO - 2025-06-26 09:05:42 --> Session: Class initialized using 'CodeIgniter\Session\Handlers\DatabaseHandler' driver.
INFO - 2025-06-26 09:05:48 --> Session: Class initialized using 'CodeIgniter\Session\Handlers\DatabaseHandler' driver.
INFO - 2025-06-26 09:05:48 --> Session: Class initialized using 'CodeIgniter\Session\Handlers\DatabaseHandler' driver.
INFO - 2025-06-26 09:06:55 --> Session: Class initialized using 'CodeIgniter\Session\Handlers\DatabaseHandler' driver.
INFO - 2025-06-26 09:06:55 --> Session: Class initialized using 'CodeIgniter\Session\Handlers\DatabaseHandler' driver.
INFO - 2025-06-26 09:07:41 --> Session: Class initialized using 'CodeIgniter\Session\Handlers\DatabaseHandler' driver.
INFO - 2025-06-26 09:10:44 --> Session: Class initialized using 'CodeIgniter\Session\Handlers\DatabaseHandler' driver.
INFO - 2025-06-26 09:16:48 --> Session: Class initialized using 'CodeIgniter\Session\Handlers\DatabaseHandler' driver.
INFO - 2025-06-26 09:16:51 --> Session: Class initialized using 'CodeIgniter\Session\Handlers\DatabaseHandler' driver.
INFO - 2025-06-26 09:17:07 --> Session: Class initialized using 'CodeIgniter\Session\Handlers\DatabaseHandler' driver.
INFO - 2025-06-26 09:17:11 --> Session: Class initialized using 'CodeIgniter\Session\Handlers\DatabaseHandler' driver.
INFO - 2025-06-26 09:17:13 --> Session: Class initialized using 'CodeIgniter\Session\Handlers\DatabaseHandler' driver.
INFO - 2025-06-26 09:17:18 --> Session: Class initialized using 'CodeIgniter\Session\Handlers\DatabaseHandler' driver.
INFO - 2025-06-26 09:17:29 --> Session: Class initialized using 'CodeIgniter\Session\Handlers\DatabaseHandler' driver.
INFO - 2025-06-26 09:17:31 --> Session: Class initialized using 'CodeIgniter\Session\Handlers\DatabaseHandler' driver.
INFO - 2025-06-26 18:17:31 --> CSRF token verified.
INFO - 2025-06-26 09:17:31 --> Session: Class initialized using 'CodeIgniter\Session\Handlers\DatabaseHandler' driver.
INFO - 2025-06-26 09:17:33 --> Session: Class initialized using 'CodeIgniter\Session\Handlers\DatabaseHandler' driver.
INFO - 2025-06-26 09:18:29 --> Session: Class initialized using 'CodeIgniter\Session\Handlers\DatabaseHandler' driver.
INFO - 2025-06-26 09:19:11 --> Session: Class initialized using 'CodeIgniter\Session\Handlers\DatabaseHandler' driver.
INFO - 2025-06-26 09:19:18 --> Session: Class initialized using 'CodeIgniter\Session\Handlers\DatabaseHandler' driver.
INFO - 2025-06-26 09:20:23 --> Session: Class initialized using 'CodeIgniter\Session\Handlers\DatabaseHandler' driver.
INFO - 2025-06-26 09:20:26 --> Session: Class initialized using 'CodeIgniter\Session\Handlers\DatabaseHandler' driver.
INFO - 2025-06-26 09:20:29 --> Session: Class initialized using 'CodeIgniter\Session\Handlers\DatabaseHandler' driver.
INFO - 2025-06-26 09:21:33 --> Session: Class initialized using 'CodeIgniter\Session\Handlers\DatabaseHandler' driver.
INFO - 2025-06-26 09:21:40 --> Session: Class initialized using 'CodeIgniter\Session\Handlers\DatabaseHandler' driver.
INFO - 2025-06-26 09:21:40 --> Session: Class initialized using 'CodeIgniter\Session\Handlers\DatabaseHandler' driver.
INFO - 2025-06-26 09:22:15 --> Session: Class initialized using 'CodeIgniter\Session\Handlers\DatabaseHandler' driver.
INFO - 2025-06-26 09:22:29 --> Session: Class initialized using 'CodeIgniter\Session\Handlers\DatabaseHandler' driver.
INFO - 2025-06-26 09:23:05 --> Session: Class initialized using 'CodeIgniter\Session\Handlers\DatabaseHandler' driver.
INFO - 2025-06-26 09:23:11 --> Session: Class initialized using 'CodeIgniter\Session\Handlers\DatabaseHandler' driver.
INFO - 2025-06-26 18:23:11 --> CSRF token verified.
INFO - 2025-06-26 09:23:11 --> Session: Class initialized using 'CodeIgniter\Session\Handlers\DatabaseHandler' driver.
INFO - 2025-06-26 09:23:18 --> Session: Class initialized using 'CodeIgniter\Session\Handlers\DatabaseHandler' driver.
INFO - 2025-06-26 09:23:25 --> Session: Class initialized using 'CodeIgniter\Session\Handlers\DatabaseHandler' driver.
INFO - 2025-06-26 09:23:30 --> Session: Class initialized using 'CodeIgniter\Session\Handlers\DatabaseHandler' driver.
INFO - 2025-06-26 09:23:45 --> Session: Class initialized using 'CodeIgniter\Session\Handlers\DatabaseHandler' driver.
INFO - 2025-06-26 09:23:59 --> Session: Class initialized using 'CodeIgniter\Session\Handlers\DatabaseHandler' driver.
INFO - 2025-06-26 09:23:59 --> Session: Class initialized using 'CodeIgniter\Session\Handlers\DatabaseHandler' driver.
INFO - 2025-06-26 09:24:07 --> Session: Class initialized using 'CodeIgniter\Session\Handlers\DatabaseHandler' driver.
INFO - 2025-06-26 09:24:16 --> Session: Class initialized using 'CodeIgniter\Session\Handlers\DatabaseHandler' driver.
INFO - 2025-06-26 18:24:16 --> CSRF token verified.
INFO - 2025-06-26 09:24:16 --> Session: Class initialized using 'CodeIgniter\Session\Handlers\DatabaseHandler' driver.
INFO - 2025-06-26 09:24:20 --> Session: Class initialized using 'CodeIgniter\Session\Handlers\DatabaseHandler' driver.
INFO - 2025-06-26 18:24:20 --> CSRF token verified.
INFO - 2025-06-26 09:24:20 --> Session: Class initialized using 'CodeIgniter\Session\Handlers\DatabaseHandler' driver.
INFO - 2025-06-26 09:24:27 --> Session: Class initialized using 'CodeIgniter\Session\Handlers\DatabaseHandler' driver.
INFO - 2025-06-26 18:24:27 --> CSRF token verified.
INFO - 2025-06-26 09:24:27 --> Session: Class initialized using 'CodeIgniter\Session\Handlers\DatabaseHandler' driver.
INFO - 2025-06-26 09:24:31 --> Session: Class initialized using 'CodeIgniter\Session\Handlers\DatabaseHandler' driver.
INFO - 2025-06-26 09:24:38 --> Session: Class initialized using 'CodeIgniter\Session\Handlers\DatabaseHandler' driver.
INFO - 2025-06-26 09:24:40 --> Session: Class initialized using 'CodeIgniter\Session\Handlers\DatabaseHandler' driver.
INFO - 2025-06-26 09:24:48 --> Session: Class initialized using 'CodeIgniter\Session\Handlers\DatabaseHandler' driver.
INFO - 2025-06-26 09:24:48 --> Session: Class initialized using 'CodeIgniter\Session\Handlers\DatabaseHandler' driver.
INFO - 2025-06-26 09:25:53 --> Session: Class initialized using 'CodeIgniter\Session\Handlers\DatabaseHandler' driver.
INFO - 2025-06-26 09:25:58 --> Session: Class initialized using 'CodeIgniter\Session\Handlers\DatabaseHandler' driver.
INFO - 2025-06-26 09:27:09 --> Session: Class initialized using 'CodeIgniter\Session\Handlers\DatabaseHandler' driver.
INFO - 2025-06-26 09:27:16 --> Session: Class initialized using 'CodeIgniter\Session\Handlers\DatabaseHandler' driver.
INFO - 2025-06-26 09:27:18 --> Session: Class initialized using 'CodeIgniter\Session\Handlers\DatabaseHandler' driver.
INFO - 2025-06-26 10:04:50 --> Session: Class initialized using 'CodeIgniter\Session\Handlers\DatabaseHandler' driver.
INFO - 2025-06-26 10:05:10 --> Session: Class initialized using 'CodeIgniter\Session\Handlers\DatabaseHandler' driver.
INFO - 2025-06-26 10:05:20 --> Session: Class initialized using 'CodeIgniter\Session\Handlers\DatabaseHandler' driver.
INFO - 2025-06-26 10:05:30 --> Session: Class initialized using 'CodeIgniter\Session\Handlers\DatabaseHandler' driver.
INFO - 2025-06-26 19:05:30 --> CSRF token verified.
INFO - 2025-06-26 10:05:30 --> Session: Class initialized using 'CodeIgniter\Session\Handlers\DatabaseHandler' driver.
INFO - 2025-06-26 10:05:33 --> Session: Class initialized using 'CodeIgniter\Session\Handlers\DatabaseHandler' driver.
INFO - 2025-06-26 10:06:36 --> Session: Class initialized using 'CodeIgniter\Session\Handlers\DatabaseHandler' driver.
INFO - 2025-06-26 10:07:07 --> Session: Class initialized using 'CodeIgniter\Session\Handlers\DatabaseHandler' driver.
INFO - 2025-06-26 10:07:22 --> Session: Class initialized using 'CodeIgniter\Session\Handlers\DatabaseHandler' driver.
INFO - 2025-06-26 10:07:32 --> Session: Class initialized using 'CodeIgniter\Session\Handlers\DatabaseHandler' driver.
INFO - 2025-06-26 10:07:40 --> Session: Class initialized using 'CodeIgniter\Session\Handlers\DatabaseHandler' driver.
INFO - 2025-06-26 10:07:40 --> Session: Class initialized using 'CodeIgniter\Session\Handlers\DatabaseHandler' driver.
INFO - 2025-06-26 10:07:56 --> Session: Class initialized using 'CodeIgniter\Session\Handlers\DatabaseHandler' driver.
INFO - 2025-06-26 10:11:50 --> Session: Class initialized using 'CodeIgniter\Session\Handlers\DatabaseHandler' driver.
INFO - 2025-06-26 10:11:55 --> Session: Class initialized using 'CodeIgniter\Session\Handlers\DatabaseHandler' driver.
INFO - 2025-06-26 19:11:55 --> CSRF token verified.
INFO - 2025-06-26 10:11:55 --> Session: Class initialized using 'CodeIgniter\Session\Handlers\DatabaseHandler' driver.
INFO - 2025-06-26 10:12:19 --> Session: Class initialized using 'CodeIgniter\Session\Handlers\DatabaseHandler' driver.
INFO - 2025-06-26 10:12:45 --> Session: Class initialized using 'CodeIgniter\Session\Handlers\DatabaseHandler' driver.
INFO - 2025-06-26 10:13:13 --> Session: Class initialized using 'CodeIgniter\Session\Handlers\DatabaseHandler' driver.
INFO - 2025-06-26 10:13:21 --> Session: Class initialized using 'CodeIgniter\Session\Handlers\DatabaseHandler' driver.
INFO - 2025-06-26 10:13:21 --> Session: Class initialized using 'CodeIgniter\Session\Handlers\DatabaseHandler' driver.
INFO - 2025-06-26 10:15:19 --> Session: Class initialized using 'CodeIgniter\Session\Handlers\DatabaseHandler' driver.
INFO - 2025-06-26 10:15:24 --> Session: Class initialized using 'CodeIgniter\Session\Handlers\DatabaseHandler' driver.
CRITICAL - 2025-06-26 19:15:24 --> Invalid file: "{0}"
in SYSTEMPATH/Exceptions/FrameworkException.php on line 33.
 1 SYSTEMPATH/View/View.php(212): CodeIgniter\Exceptions\FrameworkException::forInvalidFile('admin/layout.php')
 2 SYSTEMPATH/View/View.php(240): CodeIgniter\View\View->render('admin/layout', [], true)
 3 SYSTEMPATH/Common.php(1180): CodeIgniter\View\View->render('admin/plans/index', [], true)
 4 APPPATH/Controllers/PlanController.php(21): view('admin/plans/index', [...])
 5 SYSTEMPATH/CodeIgniter.php(932): App\Controllers\PlanController->index()
 6 SYSTEMPATH/CodeIgniter.php(497): CodeIgniter\CodeIgniter->runController(Object(App\Controllers\PlanController))
 7 SYSTEMPATH/CodeIgniter.php(366): CodeIgniter\CodeIgniter->handleRequest(null, Object(Config\Cache), false)
 8 FCPATH/index.php(77): CodeIgniter\CodeIgniter->run()
INFO - 2025-06-26 10:15:58 --> Session: Class initialized using 'CodeIgniter\Session\Handlers\DatabaseHandler' driver.
CRITICAL - 2025-06-26 19:15:58 --> Invalid file: "{0}"
in SYSTEMPATH/Exceptions/FrameworkException.php on line 33.
 1 SYSTEMPATH/View/View.php(212): CodeIgniter\Exceptions\FrameworkException::forInvalidFile('admin/layout.php')
 2 SYSTEMPATH/View/View.php(240): CodeIgniter\View\View->render('admin/layout', [], true)
 3 SYSTEMPATH/Common.php(1180): CodeIgniter\View\View->render('admin/plans/index', [], true)
 4 APPPATH/Controllers/PlanController.php(21): view('admin/plans/index', [...])
 5 SYSTEMPATH/CodeIgniter.php(932): App\Controllers\PlanController->index()
 6 SYSTEMPATH/CodeIgniter.php(497): CodeIgniter\CodeIgniter->runController(Object(App\Controllers\PlanController))
 7 SYSTEMPATH/CodeIgniter.php(366): CodeIgniter\CodeIgniter->handleRequest(null, Object(Config\Cache), false)
 8 FCPATH/index.php(77): CodeIgniter\CodeIgniter->run()
INFO - 2025-06-26 10:16:13 --> Session: Class initialized using 'CodeIgniter\Session\Handlers\DatabaseHandler' driver.
CRITICAL - 2025-06-26 19:16:14 --> Invalid file: "{0}"
in SYSTEMPATH/Exceptions/FrameworkException.php on line 33.
 1 SYSTEMPATH/View/View.php(212): CodeIgniter\Exceptions\FrameworkException::forInvalidFile('admin/layout.php')
 2 SYSTEMPATH/View/View.php(240): CodeIgniter\View\View->render('admin/layout', [], true)
 3 SYSTEMPATH/Common.php(1180): CodeIgniter\View\View->render('admin/plans/index', [], true)
 4 APPPATH/Controllers/PlanController.php(20): view('admin/plans/index', [...])
 5 SYSTEMPATH/CodeIgniter.php(932): App\Controllers\PlanController->index()
 6 SYSTEMPATH/CodeIgniter.php(497): CodeIgniter\CodeIgniter->runController(Object(App\Controllers\PlanController))
 7 SYSTEMPATH/CodeIgniter.php(366): CodeIgniter\CodeIgniter->handleRequest(null, Object(Config\Cache), false)
 8 FCPATH/index.php(77): CodeIgniter\CodeIgniter->run()
INFO - 2025-06-26 10:16:16 --> Session: Class initialized using 'CodeIgniter\Session\Handlers\DatabaseHandler' driver.
CRITICAL - 2025-06-26 19:16:16 --> Invalid file: "{0}"
in SYSTEMPATH/Exceptions/FrameworkException.php on line 33.
 1 SYSTEMPATH/View/View.php(212): CodeIgniter\Exceptions\FrameworkException::forInvalidFile('admin/layout.php')
 2 SYSTEMPATH/View/View.php(240): CodeIgniter\View\View->render('admin/layout', [], true)
 3 SYSTEMPATH/Common.php(1180): CodeIgniter\View\View->render('admin/plans/index', [], true)
 4 APPPATH/Controllers/PlanController.php(20): view('admin/plans/index', [...])
 5 SYSTEMPATH/CodeIgniter.php(932): App\Controllers\PlanController->index()
 6 SYSTEMPATH/CodeIgniter.php(497): CodeIgniter\CodeIgniter->runController(Object(App\Controllers\PlanController))
 7 SYSTEMPATH/CodeIgniter.php(366): CodeIgniter\CodeIgniter->handleRequest(null, Object(Config\Cache), false)
 8 FCPATH/index.php(77): CodeIgniter\CodeIgniter->run()
INFO - 2025-06-26 10:17:21 --> Session: Class initialized using 'CodeIgniter\Session\Handlers\DatabaseHandler' driver.
CRITICAL - 2025-06-26 19:17:21 --> Undefined variable $title
in APPPATH/Views/admin/includes/_header.php on line 6.
 1 APPPATH/Views/admin/includes/_header.php(6): CodeIgniter\Debug\Exceptions->errorHandler(2, 'Undefined variable $title', '/Applications/XAMPP/xamppfiles/htdocs/news/app/Views/admin/includes/_header.php', 6)
 2 SYSTEMPATH/View/View.php(224): include('/Applications/XAMPP/xamppfiles/htdocs/news/app/Views/admin/includes/_header.php')
 3 SYSTEMPATH/View/View.php(227): CodeIgniter\View\View->CodeIgniter\View\{closure}()
 4 SYSTEMPATH/Common.php(1180): CodeIgniter\View\View->render('admin/includes/_header', [], true)
 5 APPPATH/Controllers/PlanController.php(21): view('admin/includes/_header', [...])
 6 SYSTEMPATH/CodeIgniter.php(932): App\Controllers\PlanController->index()
 7 SYSTEMPATH/CodeIgniter.php(497): CodeIgniter\CodeIgniter->runController(Object(App\Controllers\PlanController))
 8 SYSTEMPATH/CodeIgniter.php(366): CodeIgniter\CodeIgniter->handleRequest(null, Object(Config\Cache), false)
 9 FCPATH/index.php(77): CodeIgniter\CodeIgniter->run()
INFO - 2025-06-26 10:17:42 --> Session: Class initialized using 'CodeIgniter\Session\Handlers\DatabaseHandler' driver.
CRITICAL - 2025-06-26 19:17:42 --> Invalid file: "{0}"
in SYSTEMPATH/Exceptions/FrameworkException.php on line 33.
 1 SYSTEMPATH/View/View.php(212): CodeIgniter\Exceptions\FrameworkException::forInvalidFile('admin/plansindex.php')
 2 SYSTEMPATH/Common.php(1180): CodeIgniter\View\View->render('admin/plansindex', [], true)
 3 APPPATH/Controllers/PlanController.php(23): view('admin/plansindex', [...])
 4 SYSTEMPATH/CodeIgniter.php(932): App\Controllers\PlanController->index()
 5 SYSTEMPATH/CodeIgniter.php(497): CodeIgniter\CodeIgniter->runController(Object(App\Controllers\PlanController))
 6 SYSTEMPATH/CodeIgniter.php(366): CodeIgniter\CodeIgniter->handleRequest(null, Object(Config\Cache), false)
 7 FCPATH/index.php(77): CodeIgniter\CodeIgniter->run()
INFO - 2025-06-26 10:30:34 --> Session: Class initialized using 'CodeIgniter\Session\Handlers\DatabaseHandler' driver.
CRITICAL - 2025-06-26 19:30:34 --> Invalid file: "{0}"
in SYSTEMPATH/Exceptions/FrameworkException.php on line 33.
 1 SYSTEMPATH/View/View.php(212): CodeIgniter\Exceptions\FrameworkException::forInvalidFile('admin/plansindex.php')
 2 SYSTEMPATH/Common.php(1180): CodeIgniter\View\View->render('admin/plansindex', [], true)
 3 APPPATH/Controllers/PlanController.php(23): view('admin/plansindex', [...])
 4 SYSTEMPATH/CodeIgniter.php(932): App\Controllers\PlanController->index()
 5 SYSTEMPATH/CodeIgniter.php(497): CodeIgniter\CodeIgniter->runController(Object(App\Controllers\PlanController))
 6 SYSTEMPATH/CodeIgniter.php(366): CodeIgniter\CodeIgniter->handleRequest(null, Object(Config\Cache), false)
 7 FCPATH/index.php(77): CodeIgniter\CodeIgniter->run()
INFO - 2025-06-26 10:32:58 --> Session: Class initialized using 'CodeIgniter\Session\Handlers\DatabaseHandler' driver.
CRITICAL - 2025-06-26 19:32:58 --> Invalid file: "{0}"
in SYSTEMPATH/Exceptions/FrameworkException.php on line 33.
 1 SYSTEMPATH/View/View.php(212): CodeIgniter\Exceptions\FrameworkException::forInvalidFile('admin/layout.php')
 2 SYSTEMPATH/View/View.php(240): CodeIgniter\View\View->render('admin/layout', [], true)
 3 SYSTEMPATH/Common.php(1180): CodeIgniter\View\View->render('admin/plans/index', [], true)
 4 APPPATH/Controllers/PlanController.php(23): view('admin/plans/index', [...])
 5 SYSTEMPATH/CodeIgniter.php(932): App\Controllers\PlanController->index()
 6 SYSTEMPATH/CodeIgniter.php(497): CodeIgniter\CodeIgniter->runController(Object(App\Controllers\PlanController))
 7 SYSTEMPATH/CodeIgniter.php(366): CodeIgniter\CodeIgniter->handleRequest(null, Object(Config\Cache), false)
 8 FCPATH/index.php(77): CodeIgniter\CodeIgniter->run()
INFO - 2025-06-26 10:33:00 --> Session: Class initialized using 'CodeIgniter\Session\Handlers\DatabaseHandler' driver.
CRITICAL - 2025-06-26 19:33:00 --> Invalid file: "{0}"
in SYSTEMPATH/Exceptions/FrameworkException.php on line 33.
 1 SYSTEMPATH/View/View.php(212): CodeIgniter\Exceptions\FrameworkException::forInvalidFile('admin/layout.php')
 2 SYSTEMPATH/View/View.php(240): CodeIgniter\View\View->render('admin/layout', [], true)
 3 SYSTEMPATH/Common.php(1180): CodeIgniter\View\View->render('admin/plans/index', [], true)
 4 APPPATH/Controllers/PlanController.php(23): view('admin/plans/index', [...])
 5 SYSTEMPATH/CodeIgniter.php(932): App\Controllers\PlanController->index()
 6 SYSTEMPATH/CodeIgniter.php(497): CodeIgniter\CodeIgniter->runController(Object(App\Controllers\PlanController))
 7 SYSTEMPATH/CodeIgniter.php(366): CodeIgniter\CodeIgniter->handleRequest(null, Object(Config\Cache), false)
 8 FCPATH/index.php(77): CodeIgniter\CodeIgniter->run()
INFO - 2025-06-26 10:33:35 --> Session: Class initialized using 'CodeIgniter\Session\Handlers\DatabaseHandler' driver.
CRITICAL - 2025-06-26 19:33:35 --> Invalid file: "{0}"
in SYSTEMPATH/Exceptions/FrameworkException.php on line 33.
 1 SYSTEMPATH/View/View.php(212): CodeIgniter\Exceptions\FrameworkException::forInvalidFile('admin/layout.php')
 2 SYSTEMPATH/View/View.php(240): CodeIgniter\View\View->render('admin/layout', [], true)
 3 SYSTEMPATH/Common.php(1180): CodeIgniter\View\View->render('admin/plans/index', [], true)
 4 APPPATH/Controllers/PlanController.php(23): view('admin/plans/index', [...])
 5 SYSTEMPATH/CodeIgniter.php(932): App\Controllers\PlanController->index()
 6 SYSTEMPATH/CodeIgniter.php(497): CodeIgniter\CodeIgniter->runController(Object(App\Controllers\PlanController))
 7 SYSTEMPATH/CodeIgniter.php(366): CodeIgniter\CodeIgniter->handleRequest(null, Object(Config\Cache), false)
 8 FCPATH/index.php(77): CodeIgniter\CodeIgniter->run()
INFO - 2025-06-26 10:33:48 --> Session: Class initialized using 'CodeIgniter\Session\Handlers\DatabaseHandler' driver.
CRITICAL - 2025-06-26 19:33:48 --> Invalid file: "{0}"
in SYSTEMPATH/Exceptions/FrameworkException.php on line 33.
 1 SYSTEMPATH/View/View.php(212): CodeIgniter\Exceptions\FrameworkException::forInvalidFile('admin/layout.php')
 2 SYSTEMPATH/View/View.php(240): CodeIgniter\View\View->render('admin/layout', [], true)
 3 SYSTEMPATH/Common.php(1180): CodeIgniter\View\View->render('admin/plans/index', [], true)
 4 APPPATH/Controllers/PlanController.php(23): view('admin/plans/index', [...])
 5 SYSTEMPATH/CodeIgniter.php(932): App\Controllers\PlanController->index()
 6 SYSTEMPATH/CodeIgniter.php(497): CodeIgniter\CodeIgniter->runController(Object(App\Controllers\PlanController))
 7 SYSTEMPATH/CodeIgniter.php(366): CodeIgniter\CodeIgniter->handleRequest(null, Object(Config\Cache), false)
 8 FCPATH/index.php(77): CodeIgniter\CodeIgniter->run()
INFO - 2025-06-26 10:35:20 --> Session: Class initialized using 'CodeIgniter\Session\Handlers\DatabaseHandler' driver.
INFO - 2025-06-26 10:35:27 --> Session: Class initialized using 'CodeIgniter\Session\Handlers\DatabaseHandler' driver.
CRITICAL - 2025-06-26 19:35:27 --> Invalid file: "{0}"
in SYSTEMPATH/Exceptions/FrameworkException.php on line 33.
 1 SYSTEMPATH/View/View.php(212): CodeIgniter\Exceptions\FrameworkException::forInvalidFile('admin/layout.php')
 2 SYSTEMPATH/View/View.php(240): CodeIgniter\View\View->render('admin/layout', [], true)
 3 SYSTEMPATH/Common.php(1180): CodeIgniter\View\View->render('admin/plans/index', [], true)
 4 APPPATH/Controllers/PlanController.php(23): view('admin/plans/index', [...])
 5 SYSTEMPATH/CodeIgniter.php(932): App\Controllers\PlanController->index()
 6 SYSTEMPATH/CodeIgniter.php(497): CodeIgniter\CodeIgniter->runController(Object(App\Controllers\PlanController))
 7 SYSTEMPATH/CodeIgniter.php(366): CodeIgniter\CodeIgniter->handleRequest(null, Object(Config\Cache), false)
 8 FCPATH/index.php(77): CodeIgniter\CodeIgniter->run()
INFO - 2025-06-26 10:37:21 --> Session: Class initialized using 'CodeIgniter\Session\Handlers\DatabaseHandler' driver.
INFO - 2025-06-26 10:38:28 --> Session: Class initialized using 'CodeIgniter\Session\Handlers\DatabaseHandler' driver.
INFO - 2025-06-26 10:38:30 --> Session: Class initialized using 'CodeIgniter\Session\Handlers\DatabaseHandler' driver.
INFO - 2025-06-26 10:40:03 --> Session: Class initialized using 'CodeIgniter\Session\Handlers\DatabaseHandler' driver.
INFO - 2025-06-26 10:40:21 --> Session: Class initialized using 'CodeIgniter\Session\Handlers\DatabaseHandler' driver.
INFO - 2025-06-26 10:40:22 --> Session: Class initialized using 'CodeIgniter\Session\Handlers\DatabaseHandler' driver.
INFO - 2025-06-26 10:40:29 --> Session: Class initialized using 'CodeIgniter\Session\Handlers\DatabaseHandler' driver.
INFO - 2025-06-26 10:40:29 --> Session: Class initialized using 'CodeIgniter\Session\Handlers\DatabaseHandler' driver.
INFO - 2025-06-26 10:40:44 --> Session: Class initialized using 'CodeIgniter\Session\Handlers\DatabaseHandler' driver.
INFO - 2025-06-26 10:40:56 --> Session: Class initialized using 'CodeIgniter\Session\Handlers\DatabaseHandler' driver.
INFO - 2025-06-26 10:40:59 --> Session: Class initialized using 'CodeIgniter\Session\Handlers\DatabaseHandler' driver.
INFO - 2025-06-26 10:41:26 --> Session: Class initialized using 'CodeIgniter\Session\Handlers\DatabaseHandler' driver.
INFO - 2025-06-26 10:48:32 --> Session: Class initialized using 'CodeIgniter\Session\Handlers\DatabaseHandler' driver.
INFO - 2025-06-26 10:48:51 --> Session: Class initialized using 'CodeIgniter\Session\Handlers\DatabaseHandler' driver.
INFO - 2025-06-26 10:48:52 --> Session: Class initialized using 'CodeIgniter\Session\Handlers\DatabaseHandler' driver.
INFO - 2025-06-26 10:48:54 --> Session: Class initialized using 'CodeIgniter\Session\Handlers\DatabaseHandler' driver.
INFO - 2025-06-26 10:49:00 --> Session: Class initialized using 'CodeIgniter\Session\Handlers\DatabaseHandler' driver.
INFO - 2025-06-26 10:54:45 --> Session: Class initialized using 'CodeIgniter\Session\Handlers\DatabaseHandler' driver.
INFO - 2025-06-26 10:54:47 --> Session: Class initialized using 'CodeIgniter\Session\Handlers\DatabaseHandler' driver.
INFO - 2025-06-26 10:54:47 --> Session: Class initialized using 'CodeIgniter\Session\Handlers\DatabaseHandler' driver.
INFO - 2025-06-26 10:55:26 --> Session: Class initialized using 'CodeIgniter\Session\Handlers\DatabaseHandler' driver.
INFO - 2025-06-26 10:58:30 --> Session: Class initialized using 'CodeIgniter\Session\Handlers\DatabaseHandler' driver.
INFO - 2025-06-26 10:59:22 --> Session: Class initialized using 'CodeIgniter\Session\Handlers\DatabaseHandler' driver.
INFO - 2025-06-26 10:59:26 --> Session: Class initialized using 'CodeIgniter\Session\Handlers\DatabaseHandler' driver.
INFO - 2025-06-26 11:00:47 --> Session: Class initialized using 'CodeIgniter\Session\Handlers\DatabaseHandler' driver.
INFO - 2025-06-26 11:00:56 --> Session: Class initialized using 'CodeIgniter\Session\Handlers\DatabaseHandler' driver.
INFO - 2025-06-26 11:00:58 --> Session: Class initialized using 'CodeIgniter\Session\Handlers\DatabaseHandler' driver.
INFO - 2025-06-26 20:00:58 --> CSRF token verified.
INFO - 2025-06-26 11:00:58 --> Session: Class initialized using 'CodeIgniter\Session\Handlers\DatabaseHandler' driver.
INFO - 2025-06-26 11:01:04 --> Session: Class initialized using 'CodeIgniter\Session\Handlers\DatabaseHandler' driver.
INFO - 2025-06-26 11:01:12 --> Session: Class initialized using 'CodeIgniter\Session\Handlers\DatabaseHandler' driver.
INFO - 2025-06-26 20:01:12 --> CSRF token verified.
INFO - 2025-06-26 11:01:12 --> Session: Class initialized using 'CodeIgniter\Session\Handlers\DatabaseHandler' driver.
INFO - 2025-06-26 11:01:43 --> Session: Class initialized using 'CodeIgniter\Session\Handlers\DatabaseHandler' driver.
INFO - 2025-06-26 11:02:51 --> Session: Class initialized using 'CodeIgniter\Session\Handlers\DatabaseHandler' driver.
INFO - 2025-06-26 11:02:57 --> Session: Class initialized using 'CodeIgniter\Session\Handlers\DatabaseHandler' driver.
INFO - 2025-06-26 11:03:17 --> Session: Class initialized using 'CodeIgniter\Session\Handlers\DatabaseHandler' driver.
INFO - 2025-06-26 11:03:17 --> Session: Class initialized using 'CodeIgniter\Session\Handlers\DatabaseHandler' driver.
INFO - 2025-06-26 11:03:23 --> Session: Class initialized using 'CodeIgniter\Session\Handlers\DatabaseHandler' driver.
INFO - 2025-06-26 11:04:54 --> Session: Class initialized using 'CodeIgniter\Session\Handlers\DatabaseHandler' driver.
INFO - 2025-06-26 11:05:03 --> Session: Class initialized using 'CodeIgniter\Session\Handlers\DatabaseHandler' driver.
INFO - 2025-06-26 11:05:17 --> Session: Class initialized using 'CodeIgniter\Session\Handlers\DatabaseHandler' driver.
INFO - 2025-06-26 11:05:18 --> Session: Class initialized using 'CodeIgniter\Session\Handlers\DatabaseHandler' driver.
INFO - 2025-06-26 11:05:19 --> Session: Class initialized using 'CodeIgniter\Session\Handlers\DatabaseHandler' driver.
INFO - 2025-06-26 11:05:35 --> Session: Class initialized using 'CodeIgniter\Session\Handlers\DatabaseHandler' driver.
INFO - 2025-06-26 11:05:36 --> Session: Class initialized using 'CodeIgniter\Session\Handlers\DatabaseHandler' driver.
INFO - 2025-06-26 11:05:38 --> Session: Class initialized using 'CodeIgniter\Session\Handlers\DatabaseHandler' driver.
INFO - 2025-06-26 11:14:56 --> Session: Class initialized using 'CodeIgniter\Session\Handlers\DatabaseHandler' driver.
INFO - 2025-06-26 11:15:07 --> Session: Class initialized using 'CodeIgniter\Session\Handlers\DatabaseHandler' driver.
INFO - 2025-06-26 20:15:07 --> CSRF token verified.
CRITICAL - 2025-06-26 20:15:07 --> Uncaught ErrorException: Undefined variable $activeTheme in /Applications/XAMPP/xamppfiles/htdocs/news/app/Views/errors/html/error_404.php:2
Stack trace:
#0 /Applications/XAMPP/xamppfiles/htdocs/news/app/Views/errors/html/error_404.php(2): CodeIgniter\Debug\Exceptions->errorHandler(2, 'Undefined varia...', '/Applications/X...', 2)
#1 /Applications/XAMPP/xamppfiles/htdocs/news/system/Debug/Exceptions.php(282): include('/Applications/X...')
#2 /Applications/XAMPP/xamppfiles/htdocs/news/system/Debug/Exceptions.php(285): CodeIgniter\Debug\Exceptions->CodeIgniter\Debug\{closure}()
#3 /Applications/XAMPP/xamppfiles/htdocs/news/system/Debug/Exceptions.php(156): CodeIgniter\Debug\Exceptions->render(Object(CodeIgniter\Exceptions\PageNotFoundException), 404)
#4 [internal function]: CodeIgniter\Debug\Exceptions->exceptionHandler(Object(CodeIgniter\Exceptions\PageNotFoundException))
#5 {main}
  thrown
【Previous Exception】
CodeIgniter\Exceptions\PageNotFoundException
Controller or its method is not found: {0}::{1}
#0 /Applications/XAMPP/xamppfiles/htdocs/news/system/CodeIgniter.php(991): CodeIgniter\Exceptions\PageNotFoundException::forPageNotFound('Controller or i...')
#1 /Applications/XAMPP/xamppfiles/htdocs/news/system/CodeIgniter.php(385): CodeIgniter\CodeIgniter->display404errors(Object(CodeIgniter\Exceptions\PageNotFoundException))
#2 /Applications/XAMPP/xamppfiles/htdocs/news/index.php(77): CodeIgniter\CodeIgniter->run()
#3 {main}
in APPPATH/Views/errors/html/error_404.php on line 2.
 1 [internal function]: CodeIgniter\Debug\Exceptions->shutdownHandler()
INFO - 2025-06-26 11:17:21 --> Session: Class initialized using 'CodeIgniter\Session\Handlers\DatabaseHandler' driver.
INFO - 2025-06-26 11:17:22 --> Session: Class initialized using 'CodeIgniter\Session\Handlers\DatabaseHandler' driver.
INFO - 2025-06-26 11:17:31 --> Session: Class initialized using 'CodeIgniter\Session\Handlers\DatabaseHandler' driver.
INFO - 2025-06-26 20:17:31 --> CSRF token verified.
CRITICAL - 2025-06-26 20:17:31 --> Uncaught ErrorException: Undefined variable $activeTheme in /Applications/XAMPP/xamppfiles/htdocs/news/app/Views/errors/html/error_404.php:2
Stack trace:
#0 /Applications/XAMPP/xamppfiles/htdocs/news/app/Views/errors/html/error_404.php(2): CodeIgniter\Debug\Exceptions->errorHandler(2, 'Undefined varia...', '/Applications/X...', 2)
#1 /Applications/XAMPP/xamppfiles/htdocs/news/system/Debug/Exceptions.php(282): include('/Applications/X...')
#2 /Applications/XAMPP/xamppfiles/htdocs/news/system/Debug/Exceptions.php(285): CodeIgniter\Debug\Exceptions->CodeIgniter\Debug\{closure}()
#3 /Applications/XAMPP/xamppfiles/htdocs/news/system/Debug/Exceptions.php(156): CodeIgniter\Debug\Exceptions->render(Object(CodeIgniter\Exceptions\PageNotFoundException), 404)
#4 [internal function]: CodeIgniter\Debug\Exceptions->exceptionHandler(Object(CodeIgniter\Exceptions\PageNotFoundException))
#5 {main}
  thrown
【Previous Exception】
CodeIgniter\Exceptions\PageNotFoundException
Controller or its method is not found: {0}::{1}
#0 /Applications/XAMPP/xamppfiles/htdocs/news/system/CodeIgniter.php(991): CodeIgniter\Exceptions\PageNotFoundException::forPageNotFound('Controller or i...')
#1 /Applications/XAMPP/xamppfiles/htdocs/news/system/CodeIgniter.php(385): CodeIgniter\CodeIgniter->display404errors(Object(CodeIgniter\Exceptions\PageNotFoundException))
#2 /Applications/XAMPP/xamppfiles/htdocs/news/index.php(77): CodeIgniter\CodeIgniter->run()
#3 {main}
in APPPATH/Views/errors/html/error_404.php on line 2.
 1 [internal function]: CodeIgniter\Debug\Exceptions->shutdownHandler()
INFO - 2025-06-26 11:18:08 --> Session: Class initialized using 'CodeIgniter\Session\Handlers\DatabaseHandler' driver.
INFO - 2025-06-26 20:18:08 --> CSRF token verified.
CRITICAL - 2025-06-26 20:18:08 --> Uncaught ErrorException: Undefined variable $activeTheme in /Applications/XAMPP/xamppfiles/htdocs/news/app/Views/errors/html/error_404.php:2
Stack trace:
#0 /Applications/XAMPP/xamppfiles/htdocs/news/app/Views/errors/html/error_404.php(2): CodeIgniter\Debug\Exceptions->errorHandler(2, 'Undefined varia...', '/Applications/X...', 2)
#1 /Applications/XAMPP/xamppfiles/htdocs/news/system/Debug/Exceptions.php(282): include('/Applications/X...')
#2 /Applications/XAMPP/xamppfiles/htdocs/news/system/Debug/Exceptions.php(285): CodeIgniter\Debug\Exceptions->CodeIgniter\Debug\{closure}()
#3 /Applications/XAMPP/xamppfiles/htdocs/news/system/Debug/Exceptions.php(156): CodeIgniter\Debug\Exceptions->render(Object(CodeIgniter\Exceptions\PageNotFoundException), 404)
#4 [internal function]: CodeIgniter\Debug\Exceptions->exceptionHandler(Object(CodeIgniter\Exceptions\PageNotFoundException))
#5 {main}
  thrown
【Previous Exception】
CodeIgniter\Exceptions\PageNotFoundException
Controller or its method is not found: {0}::{1}
#0 /Applications/XAMPP/xamppfiles/htdocs/news/system/CodeIgniter.php(991): CodeIgniter\Exceptions\PageNotFoundException::forPageNotFound('Controller or i...')
#1 /Applications/XAMPP/xamppfiles/htdocs/news/system/CodeIgniter.php(385): CodeIgniter\CodeIgniter->display404errors(Object(CodeIgniter\Exceptions\PageNotFoundException))
#2 /Applications/XAMPP/xamppfiles/htdocs/news/index.php(77): CodeIgniter\CodeIgniter->run()
#3 {main}
in APPPATH/Views/errors/html/error_404.php on line 2.
 1 [internal function]: CodeIgniter\Debug\Exceptions->shutdownHandler()
INFO - 2025-06-26 11:18:17 --> Session: Class initialized using 'CodeIgniter\Session\Handlers\DatabaseHandler' driver.
INFO - 2025-06-26 11:18:17 --> Session: Class initialized using 'CodeIgniter\Session\Handlers\DatabaseHandler' driver.
INFO - 2025-06-26 11:18:24 --> Session: Class initialized using 'CodeIgniter\Session\Handlers\DatabaseHandler' driver.
INFO - 2025-06-26 20:18:24 --> CSRF token verified.
CRITICAL - 2025-06-26 20:18:24 --> Uncaught ErrorException: Undefined variable $activeTheme in /Applications/XAMPP/xamppfiles/htdocs/news/app/Views/errors/html/error_404.php:2
Stack trace:
#0 /Applications/XAMPP/xamppfiles/htdocs/news/app/Views/errors/html/error_404.php(2): CodeIgniter\Debug\Exceptions->errorHandler(2, 'Undefined varia...', '/Applications/X...', 2)
#1 /Applications/XAMPP/xamppfiles/htdocs/news/system/Debug/Exceptions.php(282): include('/Applications/X...')
#2 /Applications/XAMPP/xamppfiles/htdocs/news/system/Debug/Exceptions.php(285): CodeIgniter\Debug\Exceptions->CodeIgniter\Debug\{closure}()
#3 /Applications/XAMPP/xamppfiles/htdocs/news/system/Debug/Exceptions.php(156): CodeIgniter\Debug\Exceptions->render(Object(CodeIgniter\Exceptions\PageNotFoundException), 404)
#4 [internal function]: CodeIgniter\Debug\Exceptions->exceptionHandler(Object(CodeIgniter\Exceptions\PageNotFoundException))
#5 {main}
  thrown
【Previous Exception】
CodeIgniter\Exceptions\PageNotFoundException
Controller or its method is not found: {0}::{1}
#0 /Applications/XAMPP/xamppfiles/htdocs/news/system/CodeIgniter.php(991): CodeIgniter\Exceptions\PageNotFoundException::forPageNotFound('Controller or i...')
#1 /Applications/XAMPP/xamppfiles/htdocs/news/system/CodeIgniter.php(385): CodeIgniter\CodeIgniter->display404errors(Object(CodeIgniter\Exceptions\PageNotFoundException))
#2 /Applications/XAMPP/xamppfiles/htdocs/news/index.php(77): CodeIgniter\CodeIgniter->run()
#3 {main}
in APPPATH/Views/errors/html/error_404.php on line 2.
 1 [internal function]: CodeIgniter\Debug\Exceptions->shutdownHandler()
INFO - 2025-06-26 11:22:33 --> Session: Class initialized using 'CodeIgniter\Session\Handlers\DatabaseHandler' driver.
INFO - 2025-06-26 11:22:34 --> Session: Class initialized using 'CodeIgniter\Session\Handlers\DatabaseHandler' driver.
INFO - 2025-06-26 11:22:40 --> Session: Class initialized using 'CodeIgniter\Session\Handlers\DatabaseHandler' driver.
INFO - 2025-06-26 20:22:40 --> CSRF token verified.
CRITICAL - 2025-06-26 20:22:40 --> Uncaught ErrorException: Undefined variable $activeTheme in /Applications/XAMPP/xamppfiles/htdocs/news/app/Views/errors/html/error_404.php:2
Stack trace:
#0 /Applications/XAMPP/xamppfiles/htdocs/news/app/Views/errors/html/error_404.php(2): CodeIgniter\Debug\Exceptions->errorHandler(2, 'Undefined varia...', '/Applications/X...', 2)
#1 /Applications/XAMPP/xamppfiles/htdocs/news/system/Debug/Exceptions.php(282): include('/Applications/X...')
#2 /Applications/XAMPP/xamppfiles/htdocs/news/system/Debug/Exceptions.php(285): CodeIgniter\Debug\Exceptions->CodeIgniter\Debug\{closure}()
#3 /Applications/XAMPP/xamppfiles/htdocs/news/system/Debug/Exceptions.php(156): CodeIgniter\Debug\Exceptions->render(Object(CodeIgniter\Exceptions\PageNotFoundException), 404)
#4 [internal function]: CodeIgniter\Debug\Exceptions->exceptionHandler(Object(CodeIgniter\Exceptions\PageNotFoundException))
#5 {main}
  thrown
【Previous Exception】
CodeIgniter\Exceptions\PageNotFoundException
Controller or its method is not found: {0}::{1}
#0 /Applications/XAMPP/xamppfiles/htdocs/news/system/CodeIgniter.php(991): CodeIgniter\Exceptions\PageNotFoundException::forPageNotFound('Controller or i...')
#1 /Applications/XAMPP/xamppfiles/htdocs/news/system/CodeIgniter.php(385): CodeIgniter\CodeIgniter->display404errors(Object(CodeIgniter\Exceptions\PageNotFoundException))
#2 /Applications/XAMPP/xamppfiles/htdocs/news/index.php(77): CodeIgniter\CodeIgniter->run()
#3 {main}
in APPPATH/Views/errors/html/error_404.php on line 2.
 1 [internal function]: CodeIgniter\Debug\Exceptions->shutdownHandler()
INFO - 2025-06-26 11:22:52 --> Session: Class initialized using 'CodeIgniter\Session\Handlers\DatabaseHandler' driver.
INFO - 2025-06-26 11:22:52 --> Session: Class initialized using 'CodeIgniter\Session\Handlers\DatabaseHandler' driver.
INFO - 2025-06-26 11:22:59 --> Session: Class initialized using 'CodeIgniter\Session\Handlers\DatabaseHandler' driver.
INFO - 2025-06-26 11:23:12 --> Session: Class initialized using 'CodeIgniter\Session\Handlers\DatabaseHandler' driver.
INFO - 2025-06-26 20:23:12 --> CSRF token verified.
INFO - 2025-06-26 11:23:23 --> Session: Class initialized using 'CodeIgniter\Session\Handlers\DatabaseHandler' driver.
INFO - 2025-06-26 20:23:23 --> CSRF token verified.
INFO - 2025-06-26 11:23:23 --> Session: Class initialized using 'CodeIgniter\Session\Handlers\DatabaseHandler' driver.
INFO - 2025-06-26 11:23:29 --> Session: Class initialized using 'CodeIgniter\Session\Handlers\DatabaseHandler' driver.
INFO - 2025-06-26 20:23:29 --> CSRF token verified.
INFO - 2025-06-26 11:23:29 --> Session: Class initialized using 'CodeIgniter\Session\Handlers\DatabaseHandler' driver.
INFO - 2025-06-26 11:23:32 --> Session: Class initialized using 'CodeIgniter\Session\Handlers\DatabaseHandler' driver.
CRITICAL - 2025-06-26 20:23:32 --> The action you requested is not allowed.
in SYSTEMPATH/Security/Security.php on line 306.
 1 SYSTEMPATH/Security/Security.php(306): CodeIgniter\Security\Exceptions\SecurityException::forDisallowedAction()
 2 SYSTEMPATH/Filters/CSRF.php(55): CodeIgniter\Security\Security->verify(Object(CodeIgniter\HTTP\IncomingRequest))
 3 SYSTEMPATH/Filters/Filters.php(173): CodeIgniter\Filters\CSRF->before(Object(CodeIgniter\HTTP\IncomingRequest), null)
 4 SYSTEMPATH/CodeIgniter.php(471): CodeIgniter\Filters\Filters->run('admin/plans/toggle-status1', 'before')
 5 SYSTEMPATH/CodeIgniter.php(366): CodeIgniter\CodeIgniter->handleRequest(null, Object(Config\Cache), false)
 6 FCPATH/index.php(77): CodeIgniter\CodeIgniter->run()
INFO - 2025-06-26 11:23:32 --> Session: Class initialized using 'CodeIgniter\Session\Handlers\DatabaseHandler' driver.
CRITICAL - 2025-06-26 20:23:32 --> The action you requested is not allowed.
in SYSTEMPATH/Security/Security.php on line 306.
 1 SYSTEMPATH/Security/Security.php(306): CodeIgniter\Security\Exceptions\SecurityException::forDisallowedAction()
 2 SYSTEMPATH/Filters/CSRF.php(55): CodeIgniter\Security\Security->verify(Object(CodeIgniter\HTTP\IncomingRequest))
 3 SYSTEMPATH/Filters/Filters.php(173): CodeIgniter\Filters\CSRF->before(Object(CodeIgniter\HTTP\IncomingRequest), null)
 4 SYSTEMPATH/CodeIgniter.php(471): CodeIgniter\Filters\Filters->run('admin/plans/toggle-status1', 'before')
 5 SYSTEMPATH/CodeIgniter.php(366): CodeIgniter\CodeIgniter->handleRequest(null, Object(Config\Cache), false)
 6 FCPATH/index.php(77): CodeIgniter\CodeIgniter->run()
INFO - 2025-06-26 11:23:59 --> Session: Class initialized using 'CodeIgniter\Session\Handlers\DatabaseHandler' driver.
INFO - 2025-06-26 11:24:03 --> Session: Class initialized using 'CodeIgniter\Session\Handlers\DatabaseHandler' driver.
INFO - 2025-06-26 11:24:06 --> Session: Class initialized using 'CodeIgniter\Session\Handlers\DatabaseHandler' driver.
INFO - 2025-06-26 11:24:08 --> Session: Class initialized using 'CodeIgniter\Session\Handlers\DatabaseHandler' driver.
INFO - 2025-06-26 11:24:08 --> Session: Class initialized using 'CodeIgniter\Session\Handlers\DatabaseHandler' driver.
INFO - 2025-06-26 11:24:36 --> Session: Class initialized using 'CodeIgniter\Session\Handlers\DatabaseHandler' driver.
INFO - 2025-06-26 11:24:38 --> Session: Class initialized using 'CodeIgniter\Session\Handlers\DatabaseHandler' driver.
INFO - 2025-06-26 11:25:01 --> Session: Class initialized using 'CodeIgniter\Session\Handlers\DatabaseHandler' driver.
INFO - 2025-06-26 11:25:16 --> Session: Class initialized using 'CodeIgniter\Session\Handlers\DatabaseHandler' driver.
INFO - 2025-06-26 20:25:16 --> CSRF token verified.
INFO - 2025-06-26 11:25:16 --> Session: Class initialized using 'CodeIgniter\Session\Handlers\DatabaseHandler' driver.
INFO - 2025-06-26 11:25:25 --> Session: Class initialized using 'CodeIgniter\Session\Handlers\DatabaseHandler' driver.
