INFO - 2025-11-11 02:12:32 --> Session: Class initialized using 'CodeIgniter\Session\Handlers\DatabaseHandler' driver.
INFO - 2025-11-11 03:34:19 --> Session: Class initialized using 'CodeIgniter\Session\Handlers\DatabaseHandler' driver.
INFO - 2025-11-11 05:58:13 --> Session: Class initialized using 'CodeIgniter\Session\Handlers\DatabaseHandler' driver.
INFO - 2025-11-11 06:51:34 --> Session: Class initialized using 'CodeIgniter\Session\Handlers\DatabaseHandler' driver.
INFO - 2025-11-11 07:05:33 --> Session: Class initialized using 'CodeIgniter\Session\Handlers\DatabaseHandler' driver.
INFO - 2025-11-11 08:21:54 --> Session: Class initialized using 'CodeIgniter\Session\Handlers\DatabaseHandler' driver.
INFO - 2025-11-11 08:21:55 --> Session: Class initialized using 'CodeIgniter\Session\Handlers\DatabaseHandler' driver.
INFO - 2025-11-11 08:22:36 --> Session: Class initialized using 'CodeIgniter\Session\Handlers\DatabaseHandler' driver.
INFO - 2025-11-11 08:22:38 --> Session: Class initialized using 'CodeIgniter\Session\Handlers\DatabaseHandler' driver.
INFO - 2025-11-11 08:22:51 --> Session: Class initialized using 'CodeIgniter\Session\Handlers\DatabaseHandler' driver.
INFO - 2025-11-11 08:22:52 --> Session: Class initialized using 'CodeIgniter\Session\Handlers\DatabaseHandler' driver.
INFO - 2025-11-11 08:23:25 --> Session: Class initialized using 'CodeIgniter\Session\Handlers\DatabaseHandler' driver.
INFO - 2025-11-11 08:23:27 --> Session: Class initialized using 'CodeIgniter\Session\Handlers\DatabaseHandler' driver.
INFO - 2025-11-11 08:45:31 --> Session: Class initialized using 'CodeIgniter\Session\Handlers\DatabaseHandler' driver.
ERROR - 2025-11-11 09:43:32 --> Error connecting to the database: mysqli_sql_exception: Too many connections in /home/u575370958/domains/rcgacademy.org/public_html/system/Database/MySQLi/Connection.php:173
Stack trace:
#0 /home/u575370958/domains/rcgacademy.org/public_html/system/Database/MySQLi/Connection.php(173): mysqli->real_connect()
#1 /home/u575370958/domains/rcgacademy.org/public_html/system/Database/BaseConnection.php(391): CodeIgniter\Database\MySQLi\Connection->connect()
#2 /home/u575370958/domains/rcgacademy.org/public_html/system/Session/Handlers/DatabaseHandler.php(109): CodeIgniter\Database\BaseConnection->initialize()
#3 [internal function]: CodeIgniter\Session\Handlers\DatabaseHandler->open()
#4 /home/u575370958/domains/rcgacademy.org/public_html/system/Session/Session.php(920): session_start()
#5 /home/u575370958/domains/rcgacademy.org/public_html/system/Session/Session.php(250): CodeIgniter\Session\Session->startSession()
#6 /home/u575370958/domains/rcgacademy.org/public_html/system/Config/Services.php(674): CodeIgniter\Session\Session->start()
#7 /home/u575370958/domains/rcgacademy.org/public_html/system/Config/BaseService.php(252): CodeIgniter\Config\Services::session()
#8 /home/u575370958/domains/rcgacademy.org/public_html/system/Config/BaseService.php(193): CodeIgniter\Config\BaseService::__callStatic()
#9 /home/u575370958/domains/rcgacademy.org/public_html/system/Config/Services.php(641): CodeIgniter\Config\BaseService::getSharedInstance()
#10 /home/u575370958/domains/rcgacademy.org/public_html/system/Config/BaseService.php(252): CodeIgniter\Config\Services::session()
#11 /home/u575370958/domains/rcgacademy.org/public_html/app/Config/Globals.php(29): CodeIgniter\Config\BaseService::__callStatic()
#12 /home/u575370958/domains/rcgacademy.org/public_html/app/Config/Globals.php(120): Config\Globals::setGlobals()
#13 /home/u575370958/domains/rcgacademy.org/public_html/system/Autoloader/Autoloader.php(312): include_once('/home/u57537095...')
#14 /home/u575370958/domains/rcgacademy.org/public_html/system/Autoloader/Autoloader.php(289): CodeIgniter\Autoloader\Autoloader->includeFile()
#15 /home/u575370958/domains/rcgacademy.org/public_html/system/Autoloader/Autoloader.php(267): CodeIgniter\Autoloader\Autoloader->loadInNamespace()
#16 /home/u575370958/domains/rcgacademy.org/public_html/app/Config/Routes.php(7): CodeIgniter\Autoloader\Autoloader->loadClass()
#17 /home/u575370958/domains/rcgacademy.org/public_html/system/Router/RouteCollection.php(267): require('/home/u57537095...')
#18 /home/u575370958/domains/rcgacademy.org/public_html/system/CodeIgniter.php(800): CodeIgniter\Router\RouteCollection->loadRoutes()
#19 /home/u575370958/domains/rcgacademy.org/public_html/system/CodeIgniter.php(447): CodeIgniter\CodeIgniter->tryToRouteIt()
#20 /home/u575370958/domains/rcgacademy.org/public_html/system/CodeIgniter.php(366): CodeIgniter\CodeIgniter->handleRequest()
#21 /home/u575370958/domains/rcgacademy.org/public_html/index.php(77): CodeIgniter\CodeIgniter->run()
#22 {main}

Next CodeIgniter\Database\Exceptions\DatabaseException: Too many connections in /home/u575370958/domains/rcgacademy.org/public_html/system/Database/MySQLi/Connection.php:218
Stack trace:
#0 /home/u575370958/domains/rcgacademy.org/public_html/system/Database/BaseConnection.php(391): CodeIgniter\Database\MySQLi\Connection->connect()
#1 /home/u575370958/domains/rcgacademy.org/public_html/system/Session/Handlers/DatabaseHandler.php(109): CodeIgniter\Database\BaseConnection->initialize()
#2 [internal function]: CodeIgniter\Session\Handlers\DatabaseHandler->open()
#3 /home/u575370958/domains/rcgacademy.org/public_html/system/Session/Session.php(920): session_start()
#4 /home/u575370958/domains/rcgacademy.org/public_html/system/Session/Session.php(250): CodeIgniter\Session\Session->startSession()
#5 /home/u575370958/domains/rcgacademy.org/public_html/system/Config/Services.php(674): CodeIgniter\Session\Session->start()
#6 /home/u575370958/domains/rcgacademy.org/public_html/system/Config/BaseService.php(252): CodeIgniter\Config\Services::session()
#7 /home/u575370958/domains/rcgacademy.org/public_html/system/Config/BaseService.php(193): CodeIgniter\Config\BaseService::__callStatic()
#8 /home/u575370958/domains/rcgacademy.org/public_html/system/Config/Services.php(641): CodeIgniter\Config\BaseService::getSharedInstance()
#9 /home/u575370958/domains/rcgacademy.org/public_html/system/Config/BaseService.php(252): CodeIgniter\Config\Services::session()
#10 /home/u575370958/domains/rcgacademy.org/public_html/app/Config/Globals.php(29): CodeIgniter\Config\BaseService::__callStatic()
#11 /home/u575370958/domains/rcgacademy.org/public_html/app/Config/Globals.php(120): Config\Globals::setGlobals()
#12 /home/u575370958/domains/rcgacademy.org/public_html/system/Autoloader/Autoloader.php(312): include_once('/home/u57537095...')
#13 /home/u575370958/domains/rcgacademy.org/public_html/system/Autoloader/Autoloader.php(289): CodeIgniter\Autoloader\Autoloader->includeFile()
#14 /home/u575370958/domains/rcgacademy.org/public_html/system/Autoloader/Autoloader.php(267): CodeIgniter\Autoloader\Autoloader->loadInNamespace()
#15 /home/u575370958/domains/rcgacademy.org/public_html/app/Config/Routes.php(7): CodeIgniter\Autoloader\Autoloader->loadClass()
#16 /home/u575370958/domains/rcgacademy.org/public_html/system/Router/RouteCollection.php(267): require('/home/u57537095...')
#17 /home/u575370958/domains/rcgacademy.org/public_html/system/CodeIgniter.php(800): CodeIgniter\Router\RouteCollection->loadRoutes()
#18 /home/u575370958/domains/rcgacademy.org/public_html/system/CodeIgniter.php(447): CodeIgniter\CodeIgniter->tryToRouteIt()
#19 /home/u575370958/domains/rcgacademy.org/public_html/system/CodeIgniter.php(366): CodeIgniter\CodeIgniter->handleRequest()
#20 /home/u575370958/domains/rcgacademy.org/public_html/index.php(77): CodeIgniter\CodeIgniter->run()
#21 {main}
CRITICAL - 2025-11-11 09:43:32 --> Unable to connect to the database.
Main connection [MySQLi]: Too many connections
in SYSTEMPATH/Database/BaseConnection.php on line 427.
 1 SYSTEMPATH/Session/Handlers/DatabaseHandler.php(109): CodeIgniter\Database\BaseConnection->initialize()
 2 [internal function]: CodeIgniter\Session\Handlers\DatabaseHandler->open()
 3 SYSTEMPATH/Session/Session.php(920): session_start()
 4 SYSTEMPATH/Session/Session.php(250): CodeIgniter\Session\Session->startSession()
 5 SYSTEMPATH/Config/Services.php(674): CodeIgniter\Session\Session->start()
 6 SYSTEMPATH/Config/BaseService.php(252): CodeIgniter\Config\Services::session()
 7 SYSTEMPATH/Config/BaseService.php(193): CodeIgniter\Config\BaseService::__callStatic()
 8 SYSTEMPATH/Config/Services.php(641): CodeIgniter\Config\BaseService::getSharedInstance()
 9 SYSTEMPATH/Config/BaseService.php(252): CodeIgniter\Config\Services::session()
10 APPPATH/Config/Globals.php(29): CodeIgniter\Config\BaseService::__callStatic()
11 APPPATH/Config/Globals.php(120): Config\Globals::setGlobals()
12 SYSTEMPATH/Autoloader/Autoloader.php(312): include_once('/home/u575370958/domains/rcgacademy.org/public_html/app/Config/Globals.php')
13 SYSTEMPATH/Autoloader/Autoloader.php(289): CodeIgniter\Autoloader\Autoloader->includeFile()
14 SYSTEMPATH/Autoloader/Autoloader.php(267): CodeIgniter\Autoloader\Autoloader->loadInNamespace()
15 APPPATH/Config/Routes.php(7): CodeIgniter\Autoloader\Autoloader->loadClass()
16 SYSTEMPATH/Router/RouteCollection.php(267): require('/home/u575370958/domains/rcgacademy.org/public_html/app/Config/Routes.php')
17 SYSTEMPATH/CodeIgniter.php(800): CodeIgniter\Router\RouteCollection->loadRoutes()
18 SYSTEMPATH/CodeIgniter.php(447): CodeIgniter\CodeIgniter->tryToRouteIt()
19 SYSTEMPATH/CodeIgniter.php(366): CodeIgniter\CodeIgniter->handleRequest()
20 FCPATH/index.php(77): CodeIgniter\CodeIgniter->run()
INFO - 2025-11-11 13:28:01 --> Session: Class initialized using 'CodeIgniter\Session\Handlers\DatabaseHandler' driver.
INFO - 2025-11-11 13:42:59 --> Session: Class initialized using 'CodeIgniter\Session\Handlers\DatabaseHandler' driver.
INFO - 2025-11-11 17:03:38 --> Session: Class initialized using 'CodeIgniter\Session\Handlers\DatabaseHandler' driver.
INFO - 2025-11-11 17:13:43 --> Session: Class initialized using 'CodeIgniter\Session\Handlers\DatabaseHandler' driver.
INFO - 2025-11-11 17:37:16 --> Session: Class initialized using 'CodeIgniter\Session\Handlers\DatabaseHandler' driver.
INFO - 2025-11-11 17:45:50 --> Session: Class initialized using 'CodeIgniter\Session\Handlers\DatabaseHandler' driver.
INFO - 2025-11-11 17:50:51 --> Session: Class initialized using 'CodeIgniter\Session\Handlers\DatabaseHandler' driver.
INFO - 2025-11-11 17:50:51 --> Session: Class initialized using 'CodeIgniter\Session\Handlers\DatabaseHandler' driver.
INFO - 2025-11-11 18:23:49 --> Session: Class initialized using 'CodeIgniter\Session\Handlers\DatabaseHandler' driver.
INFO - 2025-11-11 18:40:27 --> Session: Class initialized using 'CodeIgniter\Session\Handlers\DatabaseHandler' driver.
INFO - 2025-11-11 19:30:30 --> Session: Class initialized using 'CodeIgniter\Session\Handlers\DatabaseHandler' driver.
INFO - 2025-11-11 19:44:13 --> Session: Class initialized using 'CodeIgniter\Session\Handlers\DatabaseHandler' driver.
INFO - 2025-11-11 19:44:14 --> Session: Class initialized using 'CodeIgniter\Session\Handlers\DatabaseHandler' driver.
INFO - 2025-11-11 20:02:56 --> Session: Class initialized using 'CodeIgniter\Session\Handlers\DatabaseHandler' driver.
INFO - 2025-11-11 20:02:57 --> Session: Class initialized using 'CodeIgniter\Session\Handlers\DatabaseHandler' driver.
INFO - 2025-11-11 20:03:15 --> Session: Class initialized using 'CodeIgniter\Session\Handlers\DatabaseHandler' driver.
INFO - 2025-11-11 20:03:16 --> Session: Class initialized using 'CodeIgniter\Session\Handlers\DatabaseHandler' driver.
INFO - 2025-11-11 20:03:17 --> Session: Class initialized using 'CodeIgniter\Session\Handlers\DatabaseHandler' driver.
INFO - 2025-11-11 20:04:23 --> Session: Class initialized using 'CodeIgniter\Session\Handlers\DatabaseHandler' driver.
INFO - 2025-11-11 20:04:24 --> Session: Class initialized using 'CodeIgniter\Session\Handlers\DatabaseHandler' driver.
INFO - 2025-11-11 20:06:46 --> Session: Class initialized using 'CodeIgniter\Session\Handlers\DatabaseHandler' driver.
INFO - 2025-11-11 20:06:47 --> Session: Class initialized using 'CodeIgniter\Session\Handlers\DatabaseHandler' driver.
INFO - 2025-11-11 20:30:03 --> Session: Class initialized using 'CodeIgniter\Session\Handlers\DatabaseHandler' driver.
INFO - 2025-11-11 20:54:43 --> Session: Class initialized using 'CodeIgniter\Session\Handlers\DatabaseHandler' driver.
INFO - 2025-11-11 21:39:06 --> Session: Class initialized using 'CodeIgniter\Session\Handlers\DatabaseHandler' driver.
INFO - 2025-11-11 22:24:17 --> Session: Class initialized using 'CodeIgniter\Session\Handlers\DatabaseHandler' driver.
INFO - 2025-11-11 22:43:17 --> Session: Class initialized using 'CodeIgniter\Session\Handlers\DatabaseHandler' driver.
INFO - 2025-11-11 22:43:18 --> Session: Class initialized using 'CodeIgniter\Session\Handlers\DatabaseHandler' driver.
INFO - 2025-11-11 22:44:25 --> Session: Class initialized using 'CodeIgniter\Session\Handlers\DatabaseHandler' driver.
INFO - 2025-11-11 22:44:25 --> Session: Class initialized using 'CodeIgniter\Session\Handlers\DatabaseHandler' driver.
INFO - 2025-11-11 23:21:33 --> Session: Class initialized using 'CodeIgniter\Session\Handlers\DatabaseHandler' driver.
