ERROR - 2026-07-12 08:49:19 --> Error connecting to the database: mysqli_sql_exception: No connection could be made because the target machine actively refused it in C:\xampp\htdocs\public_html\system\Database\MySQLi\Connection.php:173
Stack trace:
#0 C:\xampp\htdocs\public_html\system\Database\MySQLi\Connection.php(173): mysqli->real_connect('localhost', 'root', Object(SensitiveParameterValue), 'rcgerdata', 3306, '', 0)
#1 C:\xampp\htdocs\public_html\system\Database\BaseConnection.php(391): CodeIgniter\Database\MySQLi\Connection->connect(false)
#2 C:\xampp\htdocs\public_html\system\Session\Handlers\DatabaseHandler.php(109): CodeIgniter\Database\BaseConnection->initialize()
#3 [internal function]: CodeIgniter\Session\Handlers\DatabaseHandler->open('ci_sessions', 'vr_session')
#4 C:\xampp\htdocs\public_html\system\Session\Session.php(920): session_start()
#5 C:\xampp\htdocs\public_html\system\Session\Session.php(250): CodeIgniter\Session\Session->startSession()
#6 C:\xampp\htdocs\public_html\system\Config\Services.php(674): CodeIgniter\Session\Session->start()
#7 C:\xampp\htdocs\public_html\system\Config\BaseService.php(252): CodeIgniter\Config\Services::session(Object(Config\App), false)
#8 C:\xampp\htdocs\public_html\system\Config\BaseService.php(193): CodeIgniter\Config\BaseService::__callStatic('session', Array)
#9 C:\xampp\htdocs\public_html\system\Config\Services.php(641): CodeIgniter\Config\BaseService::getSharedInstance('session', NULL)
#10 C:\xampp\htdocs\public_html\system\Config\BaseService.php(252): CodeIgniter\Config\Services::session()
#11 C:\xampp\htdocs\public_html\app\Config\Globals.php(29): CodeIgniter\Config\BaseService::__callStatic('session', Array)
#12 C:\xampp\htdocs\public_html\app\Config\Globals.php(120): Config\Globals::setGlobals()
#13 C:\xampp\htdocs\public_html\system\Autoloader\Autoloader.php(312): include_once('C:\\xampp\\htdocs...')
#14 C:\xampp\htdocs\public_html\system\Autoloader\Autoloader.php(289): CodeIgniter\Autoloader\Autoloader->includeFile('C:\\xampp\\htdocs...')
#15 C:\xampp\htdocs\public_html\system\Autoloader\Autoloader.php(267): CodeIgniter\Autoloader\Autoloader->loadInNamespace('Config\\Globals')
#16 C:\xampp\htdocs\public_html\app\Config\Routes.php(7): CodeIgniter\Autoloader\Autoloader->loadClass('Config\\Globals')
#17 C:\xampp\htdocs\public_html\system\Router\RouteCollection.php(267): require('C:\\xampp\\htdocs...')
#18 C:\xampp\htdocs\public_html\system\CodeIgniter.php(800): CodeIgniter\Router\RouteCollection->loadRoutes()
#19 C:\xampp\htdocs\public_html\system\CodeIgniter.php(447): CodeIgniter\CodeIgniter->tryToRouteIt(NULL)
#20 C:\xampp\htdocs\public_html\system\CodeIgniter.php(366): CodeIgniter\CodeIgniter->handleRequest(NULL, Object(Config\Cache), false)
#21 C:\xampp\htdocs\public_html\index.php(86): CodeIgniter\CodeIgniter->run()
#22 {main}

Next CodeIgniter\Database\Exceptions\DatabaseException: No connection could be made because the target machine actively refused it in C:\xampp\htdocs\public_html\system\Database\MySQLi\Connection.php:218
Stack trace:
#0 C:\xampp\htdocs\public_html\system\Database\BaseConnection.php(391): CodeIgniter\Database\MySQLi\Connection->connect(false)
#1 C:\xampp\htdocs\public_html\system\Session\Handlers\DatabaseHandler.php(109): CodeIgniter\Database\BaseConnection->initialize()
#2 [internal function]: CodeIgniter\Session\Handlers\DatabaseHandler->open('ci_sessions', 'vr_session')
#3 C:\xampp\htdocs\public_html\system\Session\Session.php(920): session_start()
#4 C:\xampp\htdocs\public_html\system\Session\Session.php(250): CodeIgniter\Session\Session->startSession()
#5 C:\xampp\htdocs\public_html\system\Config\Services.php(674): CodeIgniter\Session\Session->start()
#6 C:\xampp\htdocs\public_html\system\Config\BaseService.php(252): CodeIgniter\Config\Services::session(Object(Config\App), false)
#7 C:\xampp\htdocs\public_html\system\Config\BaseService.php(193): CodeIgniter\Config\BaseService::__callStatic('session', Array)
#8 C:\xampp\htdocs\public_html\system\Config\Services.php(641): CodeIgniter\Config\BaseService::getSharedInstance('session', NULL)
#9 C:\xampp\htdocs\public_html\system\Config\BaseService.php(252): CodeIgniter\Config\Services::session()
#10 C:\xampp\htdocs\public_html\app\Config\Globals.php(29): CodeIgniter\Config\BaseService::__callStatic('session', Array)
#11 C:\xampp\htdocs\public_html\app\Config\Globals.php(120): Config\Globals::setGlobals()
#12 C:\xampp\htdocs\public_html\system\Autoloader\Autoloader.php(312): include_once('C:\\xampp\\htdocs...')
#13 C:\xampp\htdocs\public_html\system\Autoloader\Autoloader.php(289): CodeIgniter\Autoloader\Autoloader->includeFile('C:\\xampp\\htdocs...')
#14 C:\xampp\htdocs\public_html\system\Autoloader\Autoloader.php(267): CodeIgniter\Autoloader\Autoloader->loadInNamespace('Config\\Globals')
#15 C:\xampp\htdocs\public_html\app\Config\Routes.php(7): CodeIgniter\Autoloader\Autoloader->loadClass('Config\\Globals')
#16 C:\xampp\htdocs\public_html\system\Router\RouteCollection.php(267): require('C:\\xampp\\htdocs...')
#17 C:\xampp\htdocs\public_html\system\CodeIgniter.php(800): CodeIgniter\Router\RouteCollection->loadRoutes()
#18 C:\xampp\htdocs\public_html\system\CodeIgniter.php(447): CodeIgniter\CodeIgniter->tryToRouteIt(NULL)
#19 C:\xampp\htdocs\public_html\system\CodeIgniter.php(366): CodeIgniter\CodeIgniter->handleRequest(NULL, Object(Config\Cache), false)
#20 C:\xampp\htdocs\public_html\index.php(86): CodeIgniter\CodeIgniter->run()
#21 {main}
CRITICAL - 2026-07-12 08:49:19 --> Unable to connect to the database.
Main connection [MySQLi]: No connection could be made because the target machine actively refused it
in SYSTEMPATH\Database\BaseConnection.php on line 427.
 1 SYSTEMPATH\Session\Handlers\DatabaseHandler.php(109): CodeIgniter\Database\BaseConnection->initialize()
 2 [internal function]: CodeIgniter\Session\Handlers\DatabaseHandler->open('ci_sessions', 'vr_session')
 3 SYSTEMPATH\Session\Session.php(920): session_start()
 4 SYSTEMPATH\Session\Session.php(250): CodeIgniter\Session\Session->startSession()
 5 SYSTEMPATH\Config\Services.php(674): CodeIgniter\Session\Session->start()
 6 SYSTEMPATH\Config\BaseService.php(252): CodeIgniter\Config\Services::session(Object(Config\App), false)
 7 SYSTEMPATH\Config\BaseService.php(193): CodeIgniter\Config\BaseService::__callStatic('session', [...])
 8 SYSTEMPATH\Config\Services.php(641): CodeIgniter\Config\BaseService::getSharedInstance('session', null)
 9 SYSTEMPATH\Config\BaseService.php(252): CodeIgniter\Config\Services::session()
10 APPPATH\Config\Globals.php(29): CodeIgniter\Config\BaseService::__callStatic('session', [])
11 APPPATH\Config\Globals.php(120): Config\Globals::setGlobals()
12 SYSTEMPATH\Autoloader\Autoloader.php(312): include_once('C:\\xampp\\htdocs\\public_html\\app\\Config\\Globals.php')
13 SYSTEMPATH\Autoloader\Autoloader.php(289): CodeIgniter\Autoloader\Autoloader->includeFile('C:\\xampp\\htdocs\\public_html\\app\\Config\\Globals.php')
14 SYSTEMPATH\Autoloader\Autoloader.php(267): CodeIgniter\Autoloader\Autoloader->loadInNamespace('Config\\Globals')
15 APPPATH\Config\Routes.php(7): CodeIgniter\Autoloader\Autoloader->loadClass('Config\\Globals')
16 SYSTEMPATH\Router\RouteCollection.php(267): require('C:\\xampp\\htdocs\\public_html\\app\\Config\\Routes.php')
17 SYSTEMPATH\CodeIgniter.php(800): CodeIgniter\Router\RouteCollection->loadRoutes()
18 SYSTEMPATH\CodeIgniter.php(447): CodeIgniter\CodeIgniter->tryToRouteIt(null)
19 SYSTEMPATH\CodeIgniter.php(366): CodeIgniter\CodeIgniter->handleRequest(null, Object(Config\Cache), false)
20 FCPATH\index.php(86): CodeIgniter\CodeIgniter->run()
ERROR - 2026-07-12 08:49:24 --> Error connecting to the database: mysqli_sql_exception: No connection could be made because the target machine actively refused it in C:\xampp\htdocs\public_html\system\Database\MySQLi\Connection.php:173
Stack trace:
#0 C:\xampp\htdocs\public_html\system\Database\MySQLi\Connection.php(173): mysqli->real_connect('localhost', 'root', Object(SensitiveParameterValue), 'rcgerdata', 3306, '', 0)
#1 C:\xampp\htdocs\public_html\system\Database\BaseConnection.php(391): CodeIgniter\Database\MySQLi\Connection->connect(false)
#2 C:\xampp\htdocs\public_html\system\Session\Handlers\DatabaseHandler.php(109): CodeIgniter\Database\BaseConnection->initialize()
#3 [internal function]: CodeIgniter\Session\Handlers\DatabaseHandler->open('ci_sessions', 'vr_session')
#4 C:\xampp\htdocs\public_html\system\Session\Session.php(920): session_start()
#5 C:\xampp\htdocs\public_html\system\Session\Session.php(250): CodeIgniter\Session\Session->startSession()
#6 C:\xampp\htdocs\public_html\system\Config\Services.php(674): CodeIgniter\Session\Session->start()
#7 C:\xampp\htdocs\public_html\system\Config\BaseService.php(252): CodeIgniter\Config\Services::session(Object(Config\App), false)
#8 C:\xampp\htdocs\public_html\system\Config\BaseService.php(193): CodeIgniter\Config\BaseService::__callStatic('session', Array)
#9 C:\xampp\htdocs\public_html\system\Config\Services.php(641): CodeIgniter\Config\BaseService::getSharedInstance('session', NULL)
#10 C:\xampp\htdocs\public_html\system\Config\BaseService.php(252): CodeIgniter\Config\Services::session()
#11 C:\xampp\htdocs\public_html\app\Config\Globals.php(29): CodeIgniter\Config\BaseService::__callStatic('session', Array)
#12 C:\xampp\htdocs\public_html\app\Config\Globals.php(120): Config\Globals::setGlobals()
#13 C:\xampp\htdocs\public_html\system\Autoloader\Autoloader.php(312): include_once('C:\\xampp\\htdocs...')
#14 C:\xampp\htdocs\public_html\system\Autoloader\Autoloader.php(289): CodeIgniter\Autoloader\Autoloader->includeFile('C:\\xampp\\htdocs...')
#15 C:\xampp\htdocs\public_html\system\Autoloader\Autoloader.php(267): CodeIgniter\Autoloader\Autoloader->loadInNamespace('Config\\Globals')
#16 C:\xampp\htdocs\public_html\app\Config\Routes.php(7): CodeIgniter\Autoloader\Autoloader->loadClass('Config\\Globals')
#17 C:\xampp\htdocs\public_html\system\Router\RouteCollection.php(267): require('C:\\xampp\\htdocs...')
#18 C:\xampp\htdocs\public_html\system\CodeIgniter.php(800): CodeIgniter\Router\RouteCollection->loadRoutes()
#19 C:\xampp\htdocs\public_html\system\CodeIgniter.php(447): CodeIgniter\CodeIgniter->tryToRouteIt(NULL)
#20 C:\xampp\htdocs\public_html\system\CodeIgniter.php(366): CodeIgniter\CodeIgniter->handleRequest(NULL, Object(Config\Cache), false)
#21 C:\xampp\htdocs\public_html\index.php(86): CodeIgniter\CodeIgniter->run()
#22 {main}

Next CodeIgniter\Database\Exceptions\DatabaseException: No connection could be made because the target machine actively refused it in C:\xampp\htdocs\public_html\system\Database\MySQLi\Connection.php:218
Stack trace:
#0 C:\xampp\htdocs\public_html\system\Database\BaseConnection.php(391): CodeIgniter\Database\MySQLi\Connection->connect(false)
#1 C:\xampp\htdocs\public_html\system\Session\Handlers\DatabaseHandler.php(109): CodeIgniter\Database\BaseConnection->initialize()
#2 [internal function]: CodeIgniter\Session\Handlers\DatabaseHandler->open('ci_sessions', 'vr_session')
#3 C:\xampp\htdocs\public_html\system\Session\Session.php(920): session_start()
#4 C:\xampp\htdocs\public_html\system\Session\Session.php(250): CodeIgniter\Session\Session->startSession()
#5 C:\xampp\htdocs\public_html\system\Config\Services.php(674): CodeIgniter\Session\Session->start()
#6 C:\xampp\htdocs\public_html\system\Config\BaseService.php(252): CodeIgniter\Config\Services::session(Object(Config\App), false)
#7 C:\xampp\htdocs\public_html\system\Config\BaseService.php(193): CodeIgniter\Config\BaseService::__callStatic('session', Array)
#8 C:\xampp\htdocs\public_html\system\Config\Services.php(641): CodeIgniter\Config\BaseService::getSharedInstance('session', NULL)
#9 C:\xampp\htdocs\public_html\system\Config\BaseService.php(252): CodeIgniter\Config\Services::session()
#10 C:\xampp\htdocs\public_html\app\Config\Globals.php(29): CodeIgniter\Config\BaseService::__callStatic('session', Array)
#11 C:\xampp\htdocs\public_html\app\Config\Globals.php(120): Config\Globals::setGlobals()
#12 C:\xampp\htdocs\public_html\system\Autoloader\Autoloader.php(312): include_once('C:\\xampp\\htdocs...')
#13 C:\xampp\htdocs\public_html\system\Autoloader\Autoloader.php(289): CodeIgniter\Autoloader\Autoloader->includeFile('C:\\xampp\\htdocs...')
#14 C:\xampp\htdocs\public_html\system\Autoloader\Autoloader.php(267): CodeIgniter\Autoloader\Autoloader->loadInNamespace('Config\\Globals')
#15 C:\xampp\htdocs\public_html\app\Config\Routes.php(7): CodeIgniter\Autoloader\Autoloader->loadClass('Config\\Globals')
#16 C:\xampp\htdocs\public_html\system\Router\RouteCollection.php(267): require('C:\\xampp\\htdocs...')
#17 C:\xampp\htdocs\public_html\system\CodeIgniter.php(800): CodeIgniter\Router\RouteCollection->loadRoutes()
#18 C:\xampp\htdocs\public_html\system\CodeIgniter.php(447): CodeIgniter\CodeIgniter->tryToRouteIt(NULL)
#19 C:\xampp\htdocs\public_html\system\CodeIgniter.php(366): CodeIgniter\CodeIgniter->handleRequest(NULL, Object(Config\Cache), false)
#20 C:\xampp\htdocs\public_html\index.php(86): CodeIgniter\CodeIgniter->run()
#21 {main}
CRITICAL - 2026-07-12 08:49:24 --> Unable to connect to the database.
Main connection [MySQLi]: No connection could be made because the target machine actively refused it
in SYSTEMPATH\Database\BaseConnection.php on line 427.
 1 SYSTEMPATH\Session\Handlers\DatabaseHandler.php(109): CodeIgniter\Database\BaseConnection->initialize()
 2 [internal function]: CodeIgniter\Session\Handlers\DatabaseHandler->open('ci_sessions', 'vr_session')
 3 SYSTEMPATH\Session\Session.php(920): session_start()
 4 SYSTEMPATH\Session\Session.php(250): CodeIgniter\Session\Session->startSession()
 5 SYSTEMPATH\Config\Services.php(674): CodeIgniter\Session\Session->start()
 6 SYSTEMPATH\Config\BaseService.php(252): CodeIgniter\Config\Services::session(Object(Config\App), false)
 7 SYSTEMPATH\Config\BaseService.php(193): CodeIgniter\Config\BaseService::__callStatic('session', [...])
 8 SYSTEMPATH\Config\Services.php(641): CodeIgniter\Config\BaseService::getSharedInstance('session', null)
 9 SYSTEMPATH\Config\BaseService.php(252): CodeIgniter\Config\Services::session()
10 APPPATH\Config\Globals.php(29): CodeIgniter\Config\BaseService::__callStatic('session', [])
11 APPPATH\Config\Globals.php(120): Config\Globals::setGlobals()
12 SYSTEMPATH\Autoloader\Autoloader.php(312): include_once('C:\\xampp\\htdocs\\public_html\\app\\Config\\Globals.php')
13 SYSTEMPATH\Autoloader\Autoloader.php(289): CodeIgniter\Autoloader\Autoloader->includeFile('C:\\xampp\\htdocs\\public_html\\app\\Config\\Globals.php')
14 SYSTEMPATH\Autoloader\Autoloader.php(267): CodeIgniter\Autoloader\Autoloader->loadInNamespace('Config\\Globals')
15 APPPATH\Config\Routes.php(7): CodeIgniter\Autoloader\Autoloader->loadClass('Config\\Globals')
16 SYSTEMPATH\Router\RouteCollection.php(267): require('C:\\xampp\\htdocs\\public_html\\app\\Config\\Routes.php')
17 SYSTEMPATH\CodeIgniter.php(800): CodeIgniter\Router\RouteCollection->loadRoutes()
18 SYSTEMPATH\CodeIgniter.php(447): CodeIgniter\CodeIgniter->tryToRouteIt(null)
19 SYSTEMPATH\CodeIgniter.php(366): CodeIgniter\CodeIgniter->handleRequest(null, Object(Config\Cache), false)
20 FCPATH\index.php(86): CodeIgniter\CodeIgniter->run()
INFO - 2026-07-12 08:49:45 --> Session: Class initialized using 'CodeIgniter\Session\Handlers\DatabaseHandler' driver.
INFO - 2026-07-12 08:49:55 --> Session: Class initialized using 'CodeIgniter\Session\Handlers\DatabaseHandler' driver.
INFO - 2026-07-12 08:49:55 --> CSRF token verified.
INFO - 2026-07-12 08:49:56 --> Session: Class initialized using 'CodeIgniter\Session\Handlers\DatabaseHandler' driver.
INFO - 2026-07-12 08:50:07 --> Session: Class initialized using 'CodeIgniter\Session\Handlers\DatabaseHandler' driver.
INFO - 2026-07-12 08:50:23 --> Session: Class initialized using 'CodeIgniter\Session\Handlers\DatabaseHandler' driver.
INFO - 2026-07-12 08:50:56 --> Session: Class initialized using 'CodeIgniter\Session\Handlers\DatabaseHandler' driver.
INFO - 2026-07-12 08:51:04 --> Session: Class initialized using 'CodeIgniter\Session\Handlers\DatabaseHandler' driver.
INFO - 2026-07-12 08:51:07 --> Session: Class initialized using 'CodeIgniter\Session\Handlers\DatabaseHandler' driver.
INFO - 2026-07-12 08:51:10 --> Session: Class initialized using 'CodeIgniter\Session\Handlers\DatabaseHandler' driver.
INFO - 2026-07-12 08:51:20 --> Session: Class initialized using 'CodeIgniter\Session\Handlers\DatabaseHandler' driver.
INFO - 2026-07-12 08:51:26 --> Session: Class initialized using 'CodeIgniter\Session\Handlers\DatabaseHandler' driver.
INFO - 2026-07-12 08:57:33 --> Session: Class initialized using 'CodeIgniter\Session\Handlers\DatabaseHandler' driver.
INFO - 2026-07-12 08:57:39 --> Session: Class initialized using 'CodeIgniter\Session\Handlers\DatabaseHandler' driver.
INFO - 2026-07-12 08:57:40 --> Session: Class initialized using 'CodeIgniter\Session\Handlers\DatabaseHandler' driver.
INFO - 2026-07-12 08:59:23 --> Session: Class initialized using 'CodeIgniter\Session\Handlers\DatabaseHandler' driver.
CRITICAL - 2026-07-12 08:59:23 --> syntax error, unexpected token "endif", expecting end of file
in APPPATH\Views\admin\includes\_header.php on line 171.
 1 SYSTEMPATH\View\View.php(227): CodeIgniter\View\View->CodeIgniter\View\{closure}()
 2 SYSTEMPATH\Common.php(1180): CodeIgniter\View\View->render('admin/includes/_header', [], true)
 3 APPPATH\Controllers\CategoryController.php(86): view('admin/includes/_header', [...])
 4 SYSTEMPATH\CodeIgniter.php(932): App\Controllers\CategoryController->categories()
 5 SYSTEMPATH\CodeIgniter.php(497): CodeIgniter\CodeIgniter->runController(Object(App\Controllers\CategoryController))
 6 SYSTEMPATH\CodeIgniter.php(366): CodeIgniter\CodeIgniter->handleRequest(null, Object(Config\Cache), false)
 7 FCPATH\index.php(86): CodeIgniter\CodeIgniter->run()
INFO - 2026-07-12 09:00:14 --> Session: Class initialized using 'CodeIgniter\Session\Handlers\DatabaseHandler' driver.
CRITICAL - 2026-07-12 09:00:14 --> syntax error, unexpected token "endif", expecting end of file
in APPPATH\Views\admin\includes\_header.php on line 171.
 1 SYSTEMPATH\View\View.php(227): CodeIgniter\View\View->CodeIgniter\View\{closure}()
 2 SYSTEMPATH\Common.php(1180): CodeIgniter\View\View->render('admin/includes/_header', [], true)
 3 APPPATH\Controllers\CategoryController.php(86): view('admin/includes/_header', [...])
 4 SYSTEMPATH\CodeIgniter.php(932): App\Controllers\CategoryController->categories()
 5 SYSTEMPATH\CodeIgniter.php(497): CodeIgniter\CodeIgniter->runController(Object(App\Controllers\CategoryController))
 6 SYSTEMPATH\CodeIgniter.php(366): CodeIgniter\CodeIgniter->handleRequest(null, Object(Config\Cache), false)
 7 FCPATH\index.php(86): CodeIgniter\CodeIgniter->run()
INFO - 2026-07-12 09:00:20 --> Session: Class initialized using 'CodeIgniter\Session\Handlers\DatabaseHandler' driver.
CRITICAL - 2026-07-12 09:00:20 --> syntax error, unexpected token "endif", expecting end of file
in APPPATH\Views\admin\includes\_header.php on line 171.
 1 SYSTEMPATH\View\View.php(227): CodeIgniter\View\View->CodeIgniter\View\{closure}()
 2 SYSTEMPATH\Common.php(1180): CodeIgniter\View\View->render('admin/includes/_header', [], true)
 3 APPPATH\Controllers\CategoryController.php(86): view('admin/includes/_header', [...])
 4 SYSTEMPATH\CodeIgniter.php(932): App\Controllers\CategoryController->categories()
 5 SYSTEMPATH\CodeIgniter.php(497): CodeIgniter\CodeIgniter->runController(Object(App\Controllers\CategoryController))
 6 SYSTEMPATH\CodeIgniter.php(366): CodeIgniter\CodeIgniter->handleRequest(null, Object(Config\Cache), false)
 7 FCPATH\index.php(86): CodeIgniter\CodeIgniter->run()
INFO - 2026-07-12 09:00:37 --> Session: Class initialized using 'CodeIgniter\Session\Handlers\DatabaseHandler' driver.
INFO - 2026-07-12 09:14:43 --> Session: Class initialized using 'CodeIgniter\Session\Handlers\DatabaseHandler' driver.
INFO - 2026-07-12 09:16:22 --> Session: Class initialized using 'CodeIgniter\Session\Handlers\DatabaseHandler' driver.
INFO - 2026-07-12 09:16:35 --> Session: Class initialized using 'CodeIgniter\Session\Handlers\DatabaseHandler' driver.
INFO - 2026-07-12 09:16:35 --> Session: Class initialized using 'CodeIgniter\Session\Handlers\DatabaseHandler' driver.
INFO - 2026-07-12 22:18:09 --> Session: Class initialized using 'CodeIgniter\Session\Handlers\DatabaseHandler' driver.
INFO - 2026-07-12 22:22:01 --> Session: Class initialized using 'CodeIgniter\Session\Handlers\DatabaseHandler' driver.
INFO - 2026-07-12 22:22:12 --> Session: Class initialized using 'CodeIgniter\Session\Handlers\DatabaseHandler' driver.
INFO - 2026-07-12 22:45:03 --> Session: Class initialized using 'CodeIgniter\Session\Handlers\DatabaseHandler' driver.
INFO - 2026-07-12 22:45:09 --> Session: Class initialized using 'CodeIgniter\Session\Handlers\DatabaseHandler' driver.
ERROR - 2026-07-12 22:45:10 --> Email: sendWithMail throwed ErrorException: mail(): SMTP server response: 553 We do not relay non-local mail, sorry. in C:\xampp\htdocs\public_html\system\Email\Email.php:1735
Stack trace:
#0 [internal function]: CodeIgniter\Debug\Exceptions->errorHandler(2, 'mail(): SMTP se...', 'C:\\xampp\\htdocs...', 1735)
#1 C:\xampp\htdocs\public_html\system\Email\Email.php(1735): mail('testinguser@mai...', '=?UTF-8?Q?Your=...', 'This is a multi...', 'Date: Sun, 12 J...', '-f info@rcgacad...')
#2 C:\xampp\htdocs\public_html\system\Email\Email.php(1667): CodeIgniter\Email\Email->sendWithMail()
#3 C:\xampp\htdocs\public_html\system\Email\Email.php(1565): CodeIgniter\Email\Email->spoolEmail()
#4 C:\xampp\htdocs\public_html\app\Controllers\AdminController.php(817): CodeIgniter\Email\Email->send()
#5 C:\xampp\htdocs\public_html\system\CodeIgniter.php(932): App\Controllers\AdminController->weeklyDigest()
#6 C:\xampp\htdocs\public_html\system\CodeIgniter.php(497): CodeIgniter\CodeIgniter->runController(Object(App\Controllers\AdminController))
#7 C:\xampp\htdocs\public_html\system\CodeIgniter.php(366): CodeIgniter\CodeIgniter->handleRequest(NULL, Object(Config\Cache), false)
#8 C:\xampp\htdocs\public_html\index.php(86): CodeIgniter\CodeIgniter->run()
#9 {main}
ERROR - 2026-07-12 22:45:10 --> Email: Unable to send email using PHP mail(). Your server might not be configured to send mail using this method.
ERROR - 2026-07-12 22:45:10 --> 
INFO - 2026-07-12 22:45:25 --> Session: Class initialized using 'CodeIgniter\Session\Handlers\DatabaseHandler' driver.
ERROR - 2026-07-12 22:45:26 --> Email: sendWithMail throwed ErrorException: mail(): SMTP server response: 553 We do not relay non-local mail, sorry. in C:\xampp\htdocs\public_html\system\Email\Email.php:1735
Stack trace:
#0 [internal function]: CodeIgniter\Debug\Exceptions->errorHandler(2, 'mail(): SMTP se...', 'C:\\xampp\\htdocs...', 1735)
#1 C:\xampp\htdocs\public_html\system\Email\Email.php(1735): mail('testinguser@mai...', '=?UTF-8?Q?Your=...', 'This is a multi...', 'Date: Sun, 12 J...', '-f info@rcgacad...')
#2 C:\xampp\htdocs\public_html\system\Email\Email.php(1667): CodeIgniter\Email\Email->sendWithMail()
#3 C:\xampp\htdocs\public_html\system\Email\Email.php(1565): CodeIgniter\Email\Email->spoolEmail()
#4 C:\xampp\htdocs\public_html\app\Controllers\AdminController.php(817): CodeIgniter\Email\Email->send()
#5 C:\xampp\htdocs\public_html\system\CodeIgniter.php(932): App\Controllers\AdminController->weeklyDigest()
#6 C:\xampp\htdocs\public_html\system\CodeIgniter.php(497): CodeIgniter\CodeIgniter->runController(Object(App\Controllers\AdminController))
#7 C:\xampp\htdocs\public_html\system\CodeIgniter.php(366): CodeIgniter\CodeIgniter->handleRequest(NULL, Object(Config\Cache), false)
#8 C:\xampp\htdocs\public_html\index.php(86): CodeIgniter\CodeIgniter->run()
#9 {main}
ERROR - 2026-07-12 22:45:26 --> Email: Unable to send email using PHP mail(). Your server might not be configured to send mail using this method.
ERROR - 2026-07-12 22:45:26 --> 
INFO - 2026-07-12 22:46:23 --> Session: Class initialized using 'CodeIgniter\Session\Handlers\DatabaseHandler' driver.
INFO - 2026-07-12 22:46:26 --> Session: Class initialized using 'CodeIgniter\Session\Handlers\DatabaseHandler' driver.
CRITICAL - 2026-07-12 22:46:26 --> Class "App\Controllers\EventModel" not found
in APPPATH\Controllers\AdminController.php on line 901.
 1 SYSTEMPATH\CodeIgniter.php(932): App\Controllers\AdminController->event()
 2 SYSTEMPATH\CodeIgniter.php(497): CodeIgniter\CodeIgniter->runController(Object(App\Controllers\AdminController))
 3 SYSTEMPATH\CodeIgniter.php(366): CodeIgniter\CodeIgniter->handleRequest(null, Object(Config\Cache), false)
 4 FCPATH\index.php(86): CodeIgniter\CodeIgniter->run()
INFO - 2026-07-12 23:59:26 --> Session: Class initialized using 'CodeIgniter\Session\Handlers\DatabaseHandler' driver.
CRITICAL - 2026-07-12 23:59:26 --> Class "App\Controllers\EventModel" not found
in APPPATH\Controllers\AdminController.php on line 901.
 1 SYSTEMPATH\CodeIgniter.php(932): App\Controllers\AdminController->event()
 2 SYSTEMPATH\CodeIgniter.php(497): CodeIgniter\CodeIgniter->runController(Object(App\Controllers\AdminController))
 3 SYSTEMPATH\CodeIgniter.php(366): CodeIgniter\CodeIgniter->handleRequest(null, Object(Config\Cache), false)
 4 FCPATH\index.php(86): CodeIgniter\CodeIgniter->run()
INFO - 2026-07-12 23:59:40 --> Session: Class initialized using 'CodeIgniter\Session\Handlers\DatabaseHandler' driver.
CRITICAL - 2026-07-12 23:59:40 --> Class "App\Controllers\EventModel" not found
in APPPATH\Controllers\AdminController.php on line 901.
 1 SYSTEMPATH\CodeIgniter.php(932): App\Controllers\AdminController->event()
 2 SYSTEMPATH\CodeIgniter.php(497): CodeIgniter\CodeIgniter->runController(Object(App\Controllers\AdminController))
 3 SYSTEMPATH\CodeIgniter.php(366): CodeIgniter\CodeIgniter->handleRequest(null, Object(Config\Cache), false)
 4 FCPATH\index.php(86): CodeIgniter\CodeIgniter->run()
